#
# A fatal error has been detected by the Java Runtime Environment:
#
#  SIGSEGV (0xb) at pc=0x000000010ad62357, pid=3233, tid=259
#
# JRE version: OpenJDK Runtime Environment (17.0.1+12) (build 17.0.1+12-39)
# Java VM: OpenJDK 64-Bit Server VM (17.0.1+12-39, mixed mode, sharing, tiered, compressed oops, compressed class ptrs, g1 gc, bsd-amd64)
# Problematic frame:
# V  [libjvm.dylib+0x87b357]  _ZN10OopStorage5Block15release_entriesEmPS_+0x37
#
# No core dump will be written. Core dumps have been disabled. To enable core dumping, try "ulimit -c unlimited" before starting Java again
#
# If you would like to submit a bug report, please visit:
#   https://bugreport.java.com/bugreport/crash.jsp
#

---------------  S U M M A R Y ------------

Command Line: -javaagent:/Applications/IntelliJ IDEA CE.app/Contents/lib/idea_rt.jar=50522:/Applications/IntelliJ IDEA CE.app/Contents/bin -Dfile.encoding=UTF-8 --module-path=/Users/quocdo/.m2/repository/org/openjfx/javafx-base/17.0.0.1/javafx-base-17.0.0.1-mac.jar:/Users/quocdo/.m2/repository/org/openjfx/javafx-fxml/17.0.0.1/javafx-fxml-17.0.0.1-mac.jar:/Users/quocdo/.m2/repository/org/openjfx/javafx-graphics/17.0.0.1/javafx-graphics-17.0.0.1-mac.jar:/Users/quocdo/Desktop/Java/project/hangman/hangman_game/target/classes:/Users/quocdo/.m2/repository/org/openjfx/javafx-controls/17.0.0.1/javafx-controls-17.0.0.1-mac.jar -Djdk.module.main=hangman_code hangman_code/hangman_code.HangmanServer

Host: "MacBookPro18,3" x86_64 (EMULATED) 2400 MHz, 8 cores, 16G, Darwin 21.0.1, macOS 12.0 (21A344)
Time: Thu Jan  6 22:54:12 2022 EST elapsed time: 21.461907 seconds (0d 0h 0m 21s)

---------------  T H R E A D  ---------------

Current thread (0x00007f86730efa00):  JavaThread "JavaFX Application Thread" [_thread_in_vm, id=259, stack(0x00000003055d7000,0x0000000305dd7000)]

Stack: [0x00000003055d7000,0x0000000305dd7000],  sp=0x0000000305dd2b90,  free space=8174k
Native frames: (J=compiled Java code, j=interpreted, Vv=VM code, C=native code)
V  [libjvm.dylib+0x87b357]  _ZN10OopStorage5Block15release_entriesEmPS_+0x37
V  [libjvm.dylib+0x87c13e]  _ZN10OopStorage7releaseEPKP7oopDesc+0x12e
V  [libjvm.dylib+0x55c853]  jni_DeleteGlobalRef+0xa3
C  [libglass.dylib+0x82e8]  -[GlassRunnable dealloc]+0x28
C  [Foundation+0x81700]  __NSThreadPerformPerform+0xe0
C  [CoreFoundation+0x80138]  __CFRUNLOOP_IS_CALLING_OUT_TO_A_SOURCE0_PERFORM_FUNCTION__+0x11
C  [CoreFoundation+0x800a0]  __CFRunLoopDoSource0+0xb4
C  [CoreFoundation+0x7fe13]  __CFRunLoopDoSources0+0xf2
C  [CoreFoundation+0x7e82f]  __CFRunLoopRun+0x381
C  [CoreFoundation+0x7ddd9]  CFRunLoopRunSpecific+0x237
C  [HIToolbox+0x2f5c1]  RunCurrentEventLoopInMode+0x124
C  [HIToolbox+0x2f317]  ReceiveNextEventCommon+0x24b
C  [HIToolbox+0x2f0b5]  _BlockUntilNextEventMatchingListInModeWithFilter+0x46
C  [AppKit+0x3f890]  _DPSNextEvent+0x376
C  [AppKit+0x3defc]  -[NSApplication(NSEvent) _nextEventMatchingEventMask:untilDate:inMode:dequeue:]+0x583
C  [AppKit+0x2fee9]  -[NSApplication run]+0x24a
C  [libglass.dylib+0xa2a5]  -[GlassApplication runLoop:]+0x795
C  [Foundation+0x816ef]  __NSThreadPerformPerform+0xcf
C  [CoreFoundation+0x80138]  __CFRUNLOOP_IS_CALLING_OUT_TO_A_SOURCE0_PERFORM_FUNCTION__+0x11
C  [CoreFoundation+0x800a0]  __CFRunLoopDoSource0+0xb4
C  [CoreFoundation+0x7fe13]  __CFRunLoopDoSources0+0xf2
C  [CoreFoundation+0x7e82f]  __CFRunLoopRun+0x381
C  [CoreFoundation+0x7ddd9]  CFRunLoopRunSpecific+0x237
C  [libjli.dylib+0x70b2]  CreateExecutionEnvironment+0x182
C  [libjli.dylib+0x2c15]  JLI_Launch+0x585
C  [java+0x3c01]  main+0x191
C  0x0000000200f1b4d5
C  0x0000000000000004


siginfo: si_signo: 11 (SIGSEGV), si_code: 1 (SEGV_MAPERR), si_addr: 0x0000000000000238

Register to memory mapping:

RAX=0x0000000000000001 is an unknown value
RBX=0x0 is NULL
RCX=0x000000000e741087 is an unknown value
RDX=0x00006000018a8380 points into unknown readable memory: 0x00006000031bc260 | 60 c2 1b 03 00 60 00 00
RSP=0x0000000305dd2b90 is pointing into the stack for thread: 0x00007f86730efa00
RBP=0x0000000305dd2c60 is pointing into the stack for thread: 0x00007f86730efa00
RSI=0x0000000000000080 is an unknown value
RDI=0x0 is NULL
R8 =0x000000000000cc00 is an unknown value
R9 =0x00007f8672f11688 points into unknown readable memory: 0x000000000000cc00 | 00 cc 00 00 00 00 00 00
R10=0x0000000130c86470: OBJC_CLASS_$_GlassRunnable+0 in /Users/quocdo/.openjfx/cache/17.0.0.1/libglass.dylib at 0x0000000130c45000
R11=0x0000000130c4d2c0: -[GlassRunnable dealloc]+0 in /Users/quocdo/.openjfx/cache/17.0.0.1/libglass.dylib at 0x0000000130c45000
R12=0x0000000000000080 is an unknown value
R13=0x0000000000000238 is an unknown value
R14=0x00006000018a8380 points into unknown readable memory: 0x00006000031bc260 | 60 c2 1b 03 00 60 00 00
R15=0x0 is NULL


Registers:
RAX=0x0000000000000001, RBX=0x0000000000000000, RCX=0x000000000e741087, RDX=0x00006000018a8380
RSP=0x0000000305dd2b90, RBP=0x0000000305dd2c60, RSI=0x0000000000000080, RDI=0x0000000000000000
R8 =0x000000000000cc00, R9 =0x00007f8672f11688, R10=0x0000000130c86470, R11=0x0000000130c4d2c0
R12=0x0000000000000080, R13=0x0000000000000238, R14=0x00006000018a8380, R15=0x0000000000000000
RIP=0x000000010ad62357, EFLAGS=0x0000000000000202, ERR=0x0000000000000004
  TRAPNO=0x000000000000000e

Top of Stack: (sp=0x0000000305dd2b90)
0x0000000305dd2b90:   0000000000000000 0000000000000001
0x0000000305dd2ba0:   00006000026ac540 00007ff83a6c84a0
0x0000000305dd2bb0:   0000000305dd2d00 00007ff820d69a5f
0x0000000305dd2bc0:   0000000000000000 0000000000000001
0x0000000305dd2bd0:   00000001000001b6 00007ff862c45bd0
0x0000000305dd2be0:   0000600000fac000 00006000006a8d80
0x0000000305dd2bf0:   0000000000000001 00007ff862c45bb0
0x0000000305dd2c00:   0000600003d80de0 00006000026ac540
0x0000000305dd2c10:   000000010b124d50 0000000800446150
0x0000000305dd2c20:   000000000000000e 000000000000001c
0x0000000305dd2c30:   2f87ee3a147b001d 0000000000000000
0x0000000305dd2c40:   000000010b196358 0000000000000000
0x0000000305dd2c50:   00006000018a8380 000000000e741087
0x0000000305dd2c60:   0000000305dd2ca0 000000010ad6313e
0x0000000305dd2c70:   0000600002697858 00006000031600e0
0x0000000305dd2c80:   00007f86730efa00 0000600002619480
0x0000000305dd2c90:   00007f8673a08438 00007f86730efca8
0x0000000305dd2ca0:   0000000305dd2cd0 000000010aa43853
0x0000000305dd2cb0:   00006000031600e0 0000000000000000
0x0000000305dd2cc0:   0000000000000000 00007ff81fd92e60
0x0000000305dd2cd0:   0000000305dd2d00 0000000130c4d2e8
0x0000000305dd2ce0:   2f87ee3a147b001d 00006000026ac540
0x0000000305dd2cf0:   0000000000000000 00006000026ac540
0x0000000305dd2d00:   0000000305dd2d70 00007ff820d69700
0x0000000305dd2d10:   00007f867300c058 00007ff83a6c6d46
0x0000000305dd2d20:   00006000026ac540 00006000031e5250
0x0000000305dd2d30:   00007ff83a6c7ab0 00007ff83a705893
0x0000000305dd2d40:   00007ff83a6caed1 00006000006a8d80
0x0000000305dd2d50:   00007ff820d69620 0000000000000000
0x0000000305dd2d60:   00006000031e5250 0000000000000000
0x0000000305dd2d70:   0000000305dd2d80 00007ff81ffbe138
0x0000000305dd2d80:   0000000305dd2db0 00007ff81ffbe0a0 

Instructions: (pc=0x000000010ad62357)
0x000000010ad62257:   00 00 00 00 00 0f 1f 40 00 49 0f bc f6 49 0f bb
0x000000010ad62267:   f6 48 8d 34 f3 49 89 34 cf 49 0f bc f6 49 0f bb
0x000000010ad62277:   f6 48 8d 34 f3 49 89 74 cf 08 48 83 c1 02 48 39
0x000000010ad62287:   ca 75 d6 48 85 c0 74 10 49 0f bc c6 48 8d 14 c3
0x000000010ad62297:   49 89 14 cf 49 0f bb c6 4d 85 f6 49 89 ff 74 1c
0x000000010ad622a7:   48 89 df 4c 89 f6 4c 89 e2 4c 89 c3 e8 68 00 00
0x000000010ad622b7:   00 4c 89 f8 4c 29 e8 f0 48 0f c1 03 48 83 3d 55
0x000000010ad622c7:   51 3f 00 00 74 1b 49 8b 34 24 4d 29 fd 48 8d 3d
0x000000010ad622d7:   e6 60 2b 00 4c 89 fa 4c 89 e9 31 c0 e8 58 fc ff
0x000000010ad622e7:   ff 4c 89 f8 48 83 c4 18 5b 41 5c 41 5d 41 5e 41
0x000000010ad622f7:   5f 5d c3 31 db 45 31 ed 48 8b 7d d0 48 85 ff 0f
0x000000010ad62307:   85 98 fe ff ff e9 98 fe ff ff 66 2e 0f 1f 84 00
0x000000010ad62317:   00 00 00 00 0f 1f 44 00 00 55 48 89 e5 41 57 41
0x000000010ad62327:   56 41 55 41 54 53 48 81 ec a8 00 00 00 49 89 d6
0x000000010ad62337:   49 89 f4 49 89 ff 48 8b 05 34 ce 31 00 48 8b 00
0x000000010ad62347:   48 89 45 d0 4c 8d af 38 02 00 00 b8 01 00 00 00
0x000000010ad62357:   f0 49 0f c1 45 00 48 8d 8f 00 02 00 00 48 8b 87
0x000000010ad62367:   00 02 00 00 0f 1f 44 00 00 48 89 c3 48 89 c2 4c
0x000000010ad62377:   31 e2 f0 48 0f b1 11 48 39 d8 75 ed 4c 39 e3 74
0x000000010ad62387:   0a 48 83 fb ff 0f 85 12 01 00 00 48 83 3d fe 50
0x000000010ad62397:   3f 00 00 0f 84 8e 00 00 00 48 8d bd 30 ff ff ff
0x000000010ad623a7:   be 50 00 00 00 e8 6f fa 00 00 48 8d 05 70 7e 3c
0x000000010ad623b7:   00 48 83 c0 10 48 89 85 30 ff ff ff 48 8d bd 68
0x000000010ad623c7:   ff ff ff e8 51 a6 ea ff c7 45 c0 01 00 00 00 48
0x000000010ad623d7:   8d 05 8b 50 3f 00 48 89 45 c8 48 83 fb ff 75 1b
0x000000010ad623e7:   49 8b 16 48 8d 35 b4 61 2b 00 48 8d bd 30 ff ff
0x000000010ad623f7:   ff 4c 89 f9 31 c0 e8 ee ff 00 00 4c 39 e3 75 1b
0x000000010ad62407:   49 8b 16 48 8d 35 b0 61 2b 00 48 8d bd 30 ff ff
0x000000010ad62417:   ff 4c 89 f9 31 c0 e8 ce ff 00 00 48 8d bd 30 ff
0x000000010ad62427:   ff ff e8 72 a9 ea ff 49 8d 8f 30 02 00 00 31 c0
0x000000010ad62437:   f0 4c 0f b1 39 48 85 c0 75 63 49 8d 56 20 49 8b
0x000000010ad62447:   4e 20 0f 1f 80 00 00 00 00 48 85 c9 48 89 c8 49 


Stack slot to memory mapping:
stack at sp + 0 slots: 0x0 is NULL
stack at sp + 1 slots: 0x0000000000000001 is an unknown value
stack at sp + 2 slots: 0x00006000026ac540 points into unknown readable memory: 0x011dfff86171cb91 | 91 cb 71 61 f8 ff 1d 01
stack at sp + 3 slots: 0x00007ff83a6c84a0: <offset 0x1a9414a0> in /usr/lib/libobjc.A.dylib at 0x00007ff81fd87000
stack at sp + 4 slots: 0x0000000305dd2d00 is pointing into the stack for thread: 0x00007f86730efa00
stack at sp + 5 slots: 0x00007ff820d69a5f: performQueueDequeue+0x245 in /System/Library/Frameworks/Foundation.framework/Versions/C/Foundation at 0x00007ff820ce8000
stack at sp + 6 slots: 0x0 is NULL
stack at sp + 7 slots: 0x0000000000000001 is an unknown value


---------------  P R O C E S S  ---------------

Threads class SMR info:
_java_thread_list=0x0000600003366e60, length=22, elements={
0x00007f867480d600, 0x00007f8653808200, 0x00007f865380aa00, 0x00007f8674842c00,
0x00007f8653026400, 0x00007f865302a200, 0x00007f865302a800, 0x00007f865302ae00,
0x00007f8653033400, 0x00007f8674845c00, 0x00007f8653029c00, 0x00007f8653894e00,
0x00007f8653029000, 0x00007f86730f0600, 0x00007f86730efa00, 0x00007f86748dcc00,
0x00007f86748eea00, 0x00007f86350bc000, 0x00007f86740c3000, 0x00007f8635170c00,
0x00007f86740ac800, 0x00007f865489b000
}

Java Threads: ( => current thread )
  0x00007f867480d600 JavaThread "main" [_thread_blocked, id=7171, stack(0x0000000305e5a000,0x0000000305f5a000)]
  0x00007f8653808200 JavaThread "Reference Handler" daemon [_thread_blocked, id=43079, stack(0x000000030656f000,0x000000030666f000)]
  0x00007f865380aa00 JavaThread "Finalizer" daemon [_thread_blocked, id=42243, stack(0x0000000306672000,0x0000000306772000)]
  0x00007f8674842c00 JavaThread "Signal Dispatcher" daemon [_thread_blocked, id=40495, stack(0x0000000306883000,0x0000000306983000)]
  0x00007f8653026400 JavaThread "Service Thread" daemon [_thread_blocked, id=39683, stack(0x0000000306986000,0x0000000306a86000)]
  0x00007f865302a200 JavaThread "Monitor Deflation Thread" daemon [_thread_blocked, id=24835, stack(0x0000000306a89000,0x0000000306b89000)]
  0x00007f865302a800 JavaThread "C2 CompilerThread0" daemon [_thread_in_native, id=25091, stack(0x0000000306b8c000,0x0000000306c8c000)]
  0x00007f865302ae00 JavaThread "C1 CompilerThread0" daemon [_thread_blocked, id=25347, stack(0x0000000306c8f000,0x0000000306d8f000)]
  0x00007f8653033400 JavaThread "Sweeper thread" daemon [_thread_blocked, id=38915, stack(0x0000000306d92000,0x0000000306e92000)]
  0x00007f8674845c00 JavaThread "Common-Cleaner" daemon [_thread_blocked, id=38147, stack(0x0000000306e95000,0x0000000306f95000)]
  0x00007f8653029c00 JavaThread "Monitor Ctrl-Break" daemon [_thread_in_native, id=27223, stack(0x000000030709b000,0x000000030719b000)]
  0x00007f8653894e00 JavaThread "Notification Thread" daemon [_thread_blocked, id=36355, stack(0x000000030719e000,0x000000030729e000)]
  0x00007f8653029000 JavaThread "QuantumRenderer-0" daemon [_thread_blocked, id=28179, stack(0x00000003073a4000,0x00000003074a4000)]
  0x00007f86730f0600 JavaThread "InvokeLaterDispatcher" daemon [_thread_blocked, id=44399, stack(0x00000003074a7000,0x00000003075a7000)]
=>0x00007f86730efa00 JavaThread "JavaFX Application Thread" [_thread_in_vm, id=259, stack(0x00000003055d7000,0x0000000305dd7000)]
  0x00007f86748dcc00 JavaThread "JavaFX-Launcher" [_thread_blocked, id=75671, stack(0x00000003075aa000,0x00000003076aa000)]
  0x00007f86748eea00 JavaThread "Attach Listener" daemon [_thread_blocked, id=173315, stack(0x0000000307cc5000,0x0000000307dc5000)]
  0x00007f86350bc000 JavaThread "Prism Font Disposer" daemon [_thread_blocked, id=89655, stack(0x0000000307ecb000,0x0000000307fcb000)]
  0x00007f86740c3000 JavaThread "Thread-4" [_thread_in_vm, id=172095, stack(0x0000000307fce000,0x00000003080ce000)]
  0x00007f8635170c00 JavaThread "Cleaner-0" daemon [_thread_blocked, id=169483, stack(0x00000003081df000,0x00000003082df000)]
  0x00007f86740ac800 JavaThread "PulseTimer-CVDisplayLink thread" daemon [_thread_in_native, id=77071, stack(0x00000003076ad000,0x000000030772d000)]
  0x00007f865489b000 JavaThread "C2 CompilerThread1" daemon [_thread_in_native, id=91907, stack(0x00000003082e2000,0x00000003083e2000)]

Other Threads:
  0x00007f8673a07c60 VMThread "VM Thread" [stack: 0x000000030646c000,0x000000030656c000] [id=43267]
  0x00007f8672f0c200 WatcherThread [stack: 0x00000003072a1000,0x00000003073a1000] [id=27651]
  0x00007f86739072b0 GCTaskThread "GC Thread#0" [stack: 0x0000000305f5d000,0x000000030605d000] [id=19459]
  0x00007f86738201c0 GCTaskThread "GC Thread#1" [stack: 0x0000000307733000,0x0000000307833000] [id=74851]
  0x00007f8673820630 GCTaskThread "GC Thread#2" [stack: 0x0000000307836000,0x0000000307936000] [id=74243]
  0x00007f8672f19490 GCTaskThread "GC Thread#3" [stack: 0x0000000307939000,0x0000000307a39000] [id=57091]
  0x00007f8672f19900 GCTaskThread "GC Thread#4" [stack: 0x0000000307a3c000,0x0000000307b3c000] [id=57347]
  0x00007f8672f19d70 GCTaskThread "GC Thread#5" [stack: 0x0000000307b3f000,0x0000000307c3f000] [id=73731]
  0x00007f8673907950 ConcurrentGCThread "G1 Main Marker" [stack: 0x0000000306060000,0x0000000306160000] [id=18947]
  0x00007f86739081d0 ConcurrentGCThread "G1 Conc#0" [stack: 0x0000000306163000,0x0000000306263000] [id=14851]
  0x00007f8672f07e20 ConcurrentGCThread "G1 Refine#0" [stack: 0x0000000306266000,0x0000000306366000] [id=17923]
  0x00007f8672f086b0 ConcurrentGCThread "G1 Service" [stack: 0x0000000306369000,0x0000000306469000] [id=17667]

Threads with active compile tasks:
C2 CompilerThread0    21489 2199       4       java.lang.String::getChars (54 bytes)
C2 CompilerThread1    21489 2198   !   4       java.io.BufferedWriter::write (117 bytes)

VM state: not at safepoint (normal execution)

VM Mutex/Monitor currently owned by a thread: None

Heap address: 0x0000000700000000, size: 4096 MB, Compressed Oops mode: Zero based, Oop shift amount: 3

CDS archive(s) mapped at: [0x0000000800000000-0x0000000800bd4000-0x0000000800bd4000), size 12402688, SharedBaseAddress: 0x0000000800000000, ArchiveRelocationMode: 0.
Compressed class space mapped at: 0x0000000800c00000-0x0000000840c00000, reserved size: 1073741824
Narrow klass base: 0x0000000800000000, Narrow klass shift: 0, Narrow klass range: 0x100000000

GC Precious Log:
 CPUs: 8 total, 8 available
 Memory: 16384M
 Large Page Support: Disabled
 NUMA Support: Disabled
 Compressed Oops: Enabled (Zero based)
 Heap Region Size: 2M
 Heap Min Capacity: 8M
 Heap Initial Capacity: 256M
 Heap Max Capacity: 4G
 Pre-touch: Disabled
 Parallel Workers: 8
 Concurrent Workers: 2
 Concurrent Refinement Workers: 8
 Periodic GC: Disabled

Heap:
 garbage-first heap   total 266240K, used 58433K [0x0000000700000000, 0x0000000800000000)
  region size 2048K, 28 young (57344K), 2 survivors (4096K)
 Metaspace       used 13355K, committed 13568K, reserved 1064960K
  class space    used 1912K, committed 2048K, reserved 1048576K

Heap Regions: E=young(eden), S=young(survivor), O=old, HS=humongous(starts), HC=humongous(continues), CS=collection set, F=free, OA=open archive, CA=closed archive, TAMS=top-at-mark-start (previous, next)
|   0|0x0000000700000000, 0x0000000700200000, 0x0000000700200000|100%|HS|  |TAMS 0x0000000700000000, 0x0000000700000000| Complete 
|   1|0x0000000700200000, 0x0000000700200000, 0x0000000700400000|  0%| F|  |TAMS 0x0000000700200000, 0x0000000700200000| Untracked 
|   2|0x0000000700400000, 0x0000000700400000, 0x0000000700600000|  0%| F|  |TAMS 0x0000000700400000, 0x0000000700400000| Untracked 
|   3|0x0000000700600000, 0x0000000700600000, 0x0000000700800000|  0%| F|  |TAMS 0x0000000700600000, 0x0000000700600000| Untracked 
|   4|0x0000000700800000, 0x0000000700800000, 0x0000000700a00000|  0%| F|  |TAMS 0x0000000700800000, 0x0000000700800000| Untracked 
|   5|0x0000000700a00000, 0x0000000700a00000, 0x0000000700c00000|  0%| F|  |TAMS 0x0000000700a00000, 0x0000000700a00000| Untracked 
|   6|0x0000000700c00000, 0x0000000700c00000, 0x0000000700e00000|  0%| F|  |TAMS 0x0000000700c00000, 0x0000000700c00000| Untracked 
|   7|0x0000000700e00000, 0x0000000700e00000, 0x0000000701000000|  0%| F|  |TAMS 0x0000000700e00000, 0x0000000700e00000| Untracked 
|   8|0x0000000701000000, 0x0000000701000000, 0x0000000701200000|  0%| F|  |TAMS 0x0000000701000000, 0x0000000701000000| Untracked 
|   9|0x0000000701200000, 0x0000000701200000, 0x0000000701400000|  0%| F|  |TAMS 0x0000000701200000, 0x0000000701200000| Untracked 
|  10|0x0000000701400000, 0x0000000701400000, 0x0000000701600000|  0%| F|  |TAMS 0x0000000701400000, 0x0000000701400000| Untracked 
|  11|0x0000000701600000, 0x0000000701600000, 0x0000000701800000|  0%| F|  |TAMS 0x0000000701600000, 0x0000000701600000| Untracked 
|  12|0x0000000701800000, 0x0000000701800000, 0x0000000701a00000|  0%| F|  |TAMS 0x0000000701800000, 0x0000000701800000| Untracked 
|  13|0x0000000701a00000, 0x0000000701a00000, 0x0000000701c00000|  0%| F|  |TAMS 0x0000000701a00000, 0x0000000701a00000| Untracked 
|  14|0x0000000701c00000, 0x0000000701c00000, 0x0000000701e00000|  0%| F|  |TAMS 0x0000000701c00000, 0x0000000701c00000| Untracked 
|  15|0x0000000701e00000, 0x0000000701e00000, 0x0000000702000000|  0%| F|  |TAMS 0x0000000701e00000, 0x0000000701e00000| Untracked 
|  16|0x0000000702000000, 0x0000000702000000, 0x0000000702200000|  0%| F|  |TAMS 0x0000000702000000, 0x0000000702000000| Untracked 
|  17|0x0000000702200000, 0x0000000702200000, 0x0000000702400000|  0%| F|  |TAMS 0x0000000702200000, 0x0000000702200000| Untracked 
|  18|0x0000000702400000, 0x0000000702400000, 0x0000000702600000|  0%| F|  |TAMS 0x0000000702400000, 0x0000000702400000| Untracked 
|  19|0x0000000702600000, 0x0000000702600000, 0x0000000702800000|  0%| F|  |TAMS 0x0000000702600000, 0x0000000702600000| Untracked 
|  20|0x0000000702800000, 0x0000000702800000, 0x0000000702a00000|  0%| F|  |TAMS 0x0000000702800000, 0x0000000702800000| Untracked 
|  21|0x0000000702a00000, 0x0000000702a00000, 0x0000000702c00000|  0%| F|  |TAMS 0x0000000702a00000, 0x0000000702a00000| Untracked 
|  22|0x0000000702c00000, 0x0000000702c00000, 0x0000000702e00000|  0%| F|  |TAMS 0x0000000702c00000, 0x0000000702c00000| Untracked 
|  23|0x0000000702e00000, 0x0000000702e00000, 0x0000000703000000|  0%| F|  |TAMS 0x0000000702e00000, 0x0000000702e00000| Untracked 
|  24|0x0000000703000000, 0x0000000703000000, 0x0000000703200000|  0%| F|  |TAMS 0x0000000703000000, 0x0000000703000000| Untracked 
|  25|0x0000000703200000, 0x0000000703200000, 0x0000000703400000|  0%| F|  |TAMS 0x0000000703200000, 0x0000000703200000| Untracked 
|  26|0x0000000703400000, 0x0000000703400000, 0x0000000703600000|  0%| F|  |TAMS 0x0000000703400000, 0x0000000703400000| Untracked 
|  27|0x0000000703600000, 0x0000000703600000, 0x0000000703800000|  0%| F|  |TAMS 0x0000000703600000, 0x0000000703600000| Untracked 
|  28|0x0000000703800000, 0x0000000703800000, 0x0000000703a00000|  0%| F|  |TAMS 0x0000000703800000, 0x0000000703800000| Untracked 
|  29|0x0000000703a00000, 0x0000000703a00000, 0x0000000703c00000|  0%| F|  |TAMS 0x0000000703a00000, 0x0000000703a00000| Untracked 
|  30|0x0000000703c00000, 0x0000000703c00000, 0x0000000703e00000|  0%| F|  |TAMS 0x0000000703c00000, 0x0000000703c00000| Untracked 
|  31|0x0000000703e00000, 0x0000000703e00000, 0x0000000704000000|  0%| F|  |TAMS 0x0000000703e00000, 0x0000000703e00000| Untracked 
|  32|0x0000000704000000, 0x0000000704000000, 0x0000000704200000|  0%| F|  |TAMS 0x0000000704000000, 0x0000000704000000| Untracked 
|  33|0x0000000704200000, 0x0000000704200000, 0x0000000704400000|  0%| F|  |TAMS 0x0000000704200000, 0x0000000704200000| Untracked 
|  34|0x0000000704400000, 0x0000000704400000, 0x0000000704600000|  0%| F|  |TAMS 0x0000000704400000, 0x0000000704400000| Untracked 
|  35|0x0000000704600000, 0x0000000704600000, 0x0000000704800000|  0%| F|  |TAMS 0x0000000704600000, 0x0000000704600000| Untracked 
|  36|0x0000000704800000, 0x0000000704800000, 0x0000000704a00000|  0%| F|  |TAMS 0x0000000704800000, 0x0000000704800000| Untracked 
|  37|0x0000000704a00000, 0x0000000704a00000, 0x0000000704c00000|  0%| F|  |TAMS 0x0000000704a00000, 0x0000000704a00000| Untracked 
|  38|0x0000000704c00000, 0x0000000704c00000, 0x0000000704e00000|  0%| F|  |TAMS 0x0000000704c00000, 0x0000000704c00000| Untracked 
|  39|0x0000000704e00000, 0x0000000704e00000, 0x0000000705000000|  0%| F|  |TAMS 0x0000000704e00000, 0x0000000704e00000| Untracked 
|  40|0x0000000705000000, 0x0000000705000000, 0x0000000705200000|  0%| F|  |TAMS 0x0000000705000000, 0x0000000705000000| Untracked 
|  41|0x0000000705200000, 0x0000000705200000, 0x0000000705400000|  0%| F|  |TAMS 0x0000000705200000, 0x0000000705200000| Untracked 
|  42|0x0000000705400000, 0x0000000705400000, 0x0000000705600000|  0%| F|  |TAMS 0x0000000705400000, 0x0000000705400000| Untracked 
|  43|0x0000000705600000, 0x0000000705600000, 0x0000000705800000|  0%| F|  |TAMS 0x0000000705600000, 0x0000000705600000| Untracked 
|  44|0x0000000705800000, 0x0000000705800000, 0x0000000705a00000|  0%| F|  |TAMS 0x0000000705800000, 0x0000000705800000| Untracked 
|  45|0x0000000705a00000, 0x0000000705a00000, 0x0000000705c00000|  0%| F|  |TAMS 0x0000000705a00000, 0x0000000705a00000| Untracked 
|  46|0x0000000705c00000, 0x0000000705c00000, 0x0000000705e00000|  0%| F|  |TAMS 0x0000000705c00000, 0x0000000705c00000| Untracked 
|  47|0x0000000705e00000, 0x0000000705e00000, 0x0000000706000000|  0%| F|  |TAMS 0x0000000705e00000, 0x0000000705e00000| Untracked 
|  48|0x0000000706000000, 0x0000000706000000, 0x0000000706200000|  0%| F|  |TAMS 0x0000000706000000, 0x0000000706000000| Untracked 
|  49|0x0000000706200000, 0x0000000706200000, 0x0000000706400000|  0%| F|  |TAMS 0x0000000706200000, 0x0000000706200000| Untracked 
|  50|0x0000000706400000, 0x0000000706400000, 0x0000000706600000|  0%| F|  |TAMS 0x0000000706400000, 0x0000000706400000| Untracked 
|  51|0x0000000706600000, 0x0000000706600000, 0x0000000706800000|  0%| F|  |TAMS 0x0000000706600000, 0x0000000706600000| Untracked 
|  52|0x0000000706800000, 0x0000000706800000, 0x0000000706a00000|  0%| F|  |TAMS 0x0000000706800000, 0x0000000706800000| Untracked 
|  53|0x0000000706a00000, 0x0000000706a00000, 0x0000000706c00000|  0%| F|  |TAMS 0x0000000706a00000, 0x0000000706a00000| Untracked 
|  54|0x0000000706c00000, 0x0000000706c00000, 0x0000000706e00000|  0%| F|  |TAMS 0x0000000706c00000, 0x0000000706c00000| Untracked 
|  55|0x0000000706e00000, 0x0000000706e00000, 0x0000000707000000|  0%| F|  |TAMS 0x0000000706e00000, 0x0000000706e00000| Untracked 
|  56|0x0000000707000000, 0x0000000707000000, 0x0000000707200000|  0%| F|  |TAMS 0x0000000707000000, 0x0000000707000000| Untracked 
|  57|0x0000000707200000, 0x0000000707200000, 0x0000000707400000|  0%| F|  |TAMS 0x0000000707200000, 0x0000000707200000| Untracked 
|  58|0x0000000707400000, 0x0000000707400000, 0x0000000707600000|  0%| F|  |TAMS 0x0000000707400000, 0x0000000707400000| Untracked 
|  59|0x0000000707600000, 0x0000000707600000, 0x0000000707800000|  0%| F|  |TAMS 0x0000000707600000, 0x0000000707600000| Untracked 
|  60|0x0000000707800000, 0x0000000707800000, 0x0000000707a00000|  0%| F|  |TAMS 0x0000000707800000, 0x0000000707800000| Untracked 
|  61|0x0000000707a00000, 0x0000000707a00000, 0x0000000707c00000|  0%| F|  |TAMS 0x0000000707a00000, 0x0000000707a00000| Untracked 
|  62|0x0000000707c00000, 0x0000000707c00000, 0x0000000707e00000|  0%| F|  |TAMS 0x0000000707c00000, 0x0000000707c00000| Untracked 
|  63|0x0000000707e00000, 0x0000000707e00000, 0x0000000708000000|  0%| F|  |TAMS 0x0000000707e00000, 0x0000000707e00000| Untracked 
|  64|0x0000000708000000, 0x0000000708000000, 0x0000000708200000|  0%| F|  |TAMS 0x0000000708000000, 0x0000000708000000| Untracked 
|  65|0x0000000708200000, 0x0000000708200000, 0x0000000708400000|  0%| F|  |TAMS 0x0000000708200000, 0x0000000708200000| Untracked 
|  66|0x0000000708400000, 0x0000000708400000, 0x0000000708600000|  0%| F|  |TAMS 0x0000000708400000, 0x0000000708400000| Untracked 
|  67|0x0000000708600000, 0x0000000708600000, 0x0000000708800000|  0%| F|  |TAMS 0x0000000708600000, 0x0000000708600000| Untracked 
|  68|0x0000000708800000, 0x0000000708800000, 0x0000000708a00000|  0%| F|  |TAMS 0x0000000708800000, 0x0000000708800000| Untracked 
|  69|0x0000000708a00000, 0x0000000708a00000, 0x0000000708c00000|  0%| F|  |TAMS 0x0000000708a00000, 0x0000000708a00000| Untracked 
|  70|0x0000000708c00000, 0x0000000708c00000, 0x0000000708e00000|  0%| F|  |TAMS 0x0000000708c00000, 0x0000000708c00000| Untracked 
|  71|0x0000000708e00000, 0x0000000708e00000, 0x0000000709000000|  0%| F|  |TAMS 0x0000000708e00000, 0x0000000708e00000| Untracked 
|  72|0x0000000709000000, 0x0000000709000000, 0x0000000709200000|  0%| F|  |TAMS 0x0000000709000000, 0x0000000709000000| Untracked 
|  73|0x0000000709200000, 0x0000000709200000, 0x0000000709400000|  0%| F|  |TAMS 0x0000000709200000, 0x0000000709200000| Untracked 
|  74|0x0000000709400000, 0x0000000709400000, 0x0000000709600000|  0%| F|  |TAMS 0x0000000709400000, 0x0000000709400000| Untracked 
|  75|0x0000000709600000, 0x0000000709600000, 0x0000000709800000|  0%| F|  |TAMS 0x0000000709600000, 0x0000000709600000| Untracked 
|  76|0x0000000709800000, 0x0000000709800000, 0x0000000709a00000|  0%| F|  |TAMS 0x0000000709800000, 0x0000000709800000| Untracked 
|  77|0x0000000709a00000, 0x0000000709a00000, 0x0000000709c00000|  0%| F|  |TAMS 0x0000000709a00000, 0x0000000709a00000| Untracked 
|  78|0x0000000709c00000, 0x0000000709c00000, 0x0000000709e00000|  0%| F|  |TAMS 0x0000000709c00000, 0x0000000709c00000| Untracked 
|  79|0x0000000709e00000, 0x0000000709e00000, 0x000000070a000000|  0%| F|  |TAMS 0x0000000709e00000, 0x0000000709e00000| Untracked 
|  80|0x000000070a000000, 0x000000070a000000, 0x000000070a200000|  0%| F|  |TAMS 0x000000070a000000, 0x000000070a000000| Untracked 
|  81|0x000000070a200000, 0x000000070a200000, 0x000000070a400000|  0%| F|  |TAMS 0x000000070a200000, 0x000000070a200000| Untracked 
|  82|0x000000070a400000, 0x000000070a400000, 0x000000070a600000|  0%| F|  |TAMS 0x000000070a400000, 0x000000070a400000| Untracked 
|  83|0x000000070a600000, 0x000000070a600000, 0x000000070a800000|  0%| F|  |TAMS 0x000000070a600000, 0x000000070a600000| Untracked 
|  84|0x000000070a800000, 0x000000070a800000, 0x000000070aa00000|  0%| F|  |TAMS 0x000000070a800000, 0x000000070a800000| Untracked 
|  85|0x000000070aa00000, 0x000000070aa00000, 0x000000070ac00000|  0%| F|  |TAMS 0x000000070aa00000, 0x000000070aa00000| Untracked 
|  86|0x000000070ac00000, 0x000000070ac00000, 0x000000070ae00000|  0%| F|  |TAMS 0x000000070ac00000, 0x000000070ac00000| Untracked 
|  87|0x000000070ae00000, 0x000000070ae00000, 0x000000070b000000|  0%| F|  |TAMS 0x000000070ae00000, 0x000000070ae00000| Untracked 
|  88|0x000000070b000000, 0x000000070b000000, 0x000000070b200000|  0%| F|  |TAMS 0x000000070b000000, 0x000000070b000000| Untracked 
|  89|0x000000070b200000, 0x000000070b200000, 0x000000070b400000|  0%| F|  |TAMS 0x000000070b200000, 0x000000070b200000| Untracked 
|  90|0x000000070b400000, 0x000000070b400000, 0x000000070b600000|  0%| F|  |TAMS 0x000000070b400000, 0x000000070b400000| Untracked 
|  91|0x000000070b600000, 0x000000070b600000, 0x000000070b800000|  0%| F|  |TAMS 0x000000070b600000, 0x000000070b600000| Untracked 
|  92|0x000000070b800000, 0x000000070b800000, 0x000000070ba00000|  0%| F|  |TAMS 0x000000070b800000, 0x000000070b800000| Untracked 
|  93|0x000000070ba00000, 0x000000070ba00000, 0x000000070bc00000|  0%| F|  |TAMS 0x000000070ba00000, 0x000000070ba00000| Untracked 
|  94|0x000000070bc00000, 0x000000070bc00000, 0x000000070be00000|  0%| F|  |TAMS 0x000000070bc00000, 0x000000070bc00000| Untracked 
|  95|0x000000070be00000, 0x000000070be00000, 0x000000070c000000|  0%| F|  |TAMS 0x000000070be00000, 0x000000070be00000| Untracked 
|  96|0x000000070c000000, 0x000000070c000000, 0x000000070c200000|  0%| F|  |TAMS 0x000000070c000000, 0x000000070c000000| Untracked 
|  97|0x000000070c200000, 0x000000070c200000, 0x000000070c400000|  0%| F|  |TAMS 0x000000070c200000, 0x000000070c200000| Untracked 
|  98|0x000000070c400000, 0x000000070c400000, 0x000000070c600000|  0%| F|  |TAMS 0x000000070c400000, 0x000000070c400000| Untracked 
|  99|0x000000070c600000, 0x000000070c600000, 0x000000070c800000|  0%| F|  |TAMS 0x000000070c600000, 0x000000070c600000| Untracked 
| 100|0x000000070c800000, 0x000000070c8a0508, 0x000000070ca00000| 31%| E|  |TAMS 0x000000070c800000, 0x000000070c800000| Complete 
| 101|0x000000070ca00000, 0x000000070cc00000, 0x000000070cc00000|100%| E|CS|TAMS 0x000000070ca00000, 0x000000070ca00000| Complete 
| 102|0x000000070cc00000, 0x000000070ce00000, 0x000000070ce00000|100%| E|CS|TAMS 0x000000070cc00000, 0x000000070cc00000| Complete 
| 103|0x000000070ce00000, 0x000000070d000000, 0x000000070d000000|100%| E|CS|TAMS 0x000000070ce00000, 0x000000070ce00000| Complete 
| 104|0x000000070d000000, 0x000000070d200000, 0x000000070d200000|100%| E|CS|TAMS 0x000000070d000000, 0x000000070d000000| Complete 
| 105|0x000000070d200000, 0x000000070d400000, 0x000000070d400000|100%| E|CS|TAMS 0x000000070d200000, 0x000000070d200000| Complete 
| 106|0x000000070d400000, 0x000000070d600000, 0x000000070d600000|100%| E|CS|TAMS 0x000000070d400000, 0x000000070d400000| Complete 
| 107|0x000000070d600000, 0x000000070d800000, 0x000000070d800000|100%| E|CS|TAMS 0x000000070d600000, 0x000000070d600000| Complete 
| 108|0x000000070d800000, 0x000000070da00000, 0x000000070da00000|100%| E|CS|TAMS 0x000000070d800000, 0x000000070d800000| Complete 
| 109|0x000000070da00000, 0x000000070dc00000, 0x000000070dc00000|100%| E|CS|TAMS 0x000000070da00000, 0x000000070da00000| Complete 
| 110|0x000000070dc00000, 0x000000070de00000, 0x000000070de00000|100%| E|CS|TAMS 0x000000070dc00000, 0x000000070dc00000| Complete 
| 111|0x000000070de00000, 0x000000070e000000, 0x000000070e000000|100%| E|CS|TAMS 0x000000070de00000, 0x000000070de00000| Complete 
| 112|0x000000070e000000, 0x000000070e200000, 0x000000070e200000|100%| E|CS|TAMS 0x000000070e000000, 0x000000070e000000| Complete 
| 113|0x000000070e200000, 0x000000070e400000, 0x000000070e400000|100%| E|CS|TAMS 0x000000070e200000, 0x000000070e200000| Complete 
| 114|0x000000070e400000, 0x000000070e600000, 0x000000070e600000|100%| E|CS|TAMS 0x000000070e400000, 0x000000070e400000| Complete 
| 115|0x000000070e600000, 0x000000070e71b530, 0x000000070e800000| 55%| S|CS|TAMS 0x000000070e600000, 0x000000070e600000| Complete 
| 116|0x000000070e800000, 0x000000070ea00000, 0x000000070ea00000|100%| S|CS|TAMS 0x000000070e800000, 0x000000070e800000| Complete 
| 117|0x000000070ea00000, 0x000000070ec00000, 0x000000070ec00000|100%| E|CS|TAMS 0x000000070ea00000, 0x000000070ea00000| Complete 
| 118|0x000000070ec00000, 0x000000070ee00000, 0x000000070ee00000|100%| E|CS|TAMS 0x000000070ec00000, 0x000000070ec00000| Complete 
| 119|0x000000070ee00000, 0x000000070f000000, 0x000000070f000000|100%| E|CS|TAMS 0x000000070ee00000, 0x000000070ee00000| Complete 
| 120|0x000000070f000000, 0x000000070f200000, 0x000000070f200000|100%| E|CS|TAMS 0x000000070f000000, 0x000000070f000000| Complete 
| 121|0x000000070f200000, 0x000000070f400000, 0x000000070f400000|100%| E|CS|TAMS 0x000000070f200000, 0x000000070f200000| Complete 
| 122|0x000000070f400000, 0x000000070f600000, 0x000000070f600000|100%| E|CS|TAMS 0x000000070f400000, 0x000000070f400000| Complete 
| 123|0x000000070f600000, 0x000000070f800000, 0x000000070f800000|100%| E|CS|TAMS 0x000000070f600000, 0x000000070f600000| Complete 
| 124|0x000000070f800000, 0x000000070fa00000, 0x000000070fa00000|100%| E|CS|TAMS 0x000000070f800000, 0x000000070f800000| Complete 
| 125|0x000000070fa00000, 0x000000070fc00000, 0x000000070fc00000|100%| E|CS|TAMS 0x000000070fa00000, 0x000000070fa00000| Complete 
| 126|0x000000070fc00000, 0x000000070fe00000, 0x000000070fe00000|100%| E|CS|TAMS 0x000000070fc00000, 0x000000070fc00000| Complete 
| 127|0x000000070fe00000, 0x0000000710000000, 0x0000000710000000|100%| E|CS|TAMS 0x000000070fe00000, 0x000000070fe00000| Complete 
|2046|0x00000007ffc00000, 0x00000007ffd76000, 0x00000007ffe00000| 73%|OA|  |TAMS 0x00000007ffc00000, 0x00000007ffc00000| Untracked 
|2047|0x00000007ffe00000, 0x00000007ffe7f000, 0x0000000800000000| 24%|CA|  |TAMS 0x00000007ffe00000, 0x00000007ffe00000| Untracked 

Card table byte_map: [0x000000012341f000,0x0000000123c1f000] _byte_map_base: 0x000000011fc1f000

Marking Bits (Prev, Next): (CMBitMap*) 0x00007f867482fe10, (CMBitMap*) 0x00007f867482fe50
 Prev Bits: [0x000000012441f000, 0x000000012841f000)
 Next Bits: [0x000000012841f000, 0x000000012c41f000)

Polling page: 0x0000000100e32000

Metaspace:

Usage:
  Non-class:     11.18 MB used.
      Class:      1.87 MB used.
       Both:     13.04 MB used.

Virtual space:
  Non-class space:       16.00 MB reserved,      11.25 MB ( 70%) committed,  2 nodes.
      Class space:        1.00 GB reserved,       2.00 MB ( <1%) committed,  1 nodes.
             Both:        1.02 GB reserved,      13.25 MB (  1%) committed. 

Chunk freelists:
   Non-Class:  144.00 KB
       Class:  1.92 MB
        Both:  2.06 MB

MaxMetaspaceSize: unlimited
CompressedClassSpaceSize: 1.00 GB
Initial GC threshold: 21.00 MB
Current GC threshold: 21.00 MB
CDS: on
MetaspaceReclaimPolicy: balanced
 - commit_granule_bytes: 65536.
 - commit_granule_words: 8192.
 - virtual_space_node_default_size: 1048576.
 - enlarge_chunks_in_place: 1.
 - new_chunks_are_fully_committed: 0.
 - uncommit_free_chunks: 1.
 - use_allocation_guard: 0.
 - handle_deallocations: 1.


Internal statistics:

num_allocs_failed_limit: 0.
num_arena_births: 154.
num_arena_deaths: 0.
num_vsnodes_births: 3.
num_vsnodes_deaths: 0.
num_space_committed: 212.
num_space_uncommitted: 0.
num_chunks_returned_to_freelist: 0.
num_chunks_taken_from_freelist: 573.
num_chunk_merges: 0.
num_chunk_splits: 406.
num_chunks_enlarged: 325.
num_purges: 0.
num_inconsistent_stats: 0.

CodeHeap 'non-profiled nmethods': size=120028Kb used=920Kb max_used=920Kb free=119107Kb
 bounds [0x000000011bee8000, 0x000000011c158000, 0x000000012341f000]
CodeHeap 'profiled nmethods': size=120028Kb used=4079Kb max_used=4079Kb free=115949Kb
 bounds [0x00000001149b1000, 0x0000000114db1000, 0x000000011bee8000]
CodeHeap 'non-nmethods': size=5704Kb used=1398Kb max_used=1426Kb free=4306Kb
 bounds [0x000000011441f000, 0x000000011468f000, 0x00000001149b1000]
 total_blobs=2958 nmethods=2201 adapters=671
 compilation: enabled
              stopped_count=0, restarted_count=0
 full_count=0

Compilation events (20 events):
Event: 21.426 Thread 0x00007f865302ae00 nmethod 2178 0x0000000114da5390 code [0x0000000114da5520, 0x0000000114da5630]
Event: 21.427 Thread 0x00007f865302ae00 2180   !   3       java.io.BufferedWriter::flushBuffer (53 bytes)
Event: 21.427 Thread 0x00007f865302a800 2181       4       java.util.concurrent.CountDownLatch$Sync::tryAcquireShared (13 bytes)
Event: 21.428 Thread 0x00007f865302ae00 nmethod 2180 0x0000000114da5710 code [0x0000000114da5900, 0x0000000114da5df0]
Event: 21.428 Thread 0x00007f865302a800 nmethod 2181 0x000000011bfc6b10 code [0x000000011bfc6ca0, 0x000000011bfc6d38]
Event: 21.430 Thread 0x00007f865302a800 2182       4       sun.nio.cs.UTF_8$Encoder::encodeArrayLoop (489 bytes)
Event: 21.436 Thread 0x00007f865302a800 nmethod 2182 0x000000011bfc7190 code [0x000000011bfc7340, 0x000000011bfc7898]
Event: 21.436 Thread 0x00007f865302a800 2183       4       java.lang.String::getBytes (44 bytes)
Event: 21.437 Thread 0x00007f865302a800 nmethod 2183 0x000000011bfc7d10 code [0x000000011bfc7ea0, 0x000000011bfc7fb8]
Event: 21.437 Thread 0x00007f865302ae00 2185 % !   3       hangman_code.HangmanServer::startGame @ 151 (193 bytes)
Event: 21.439 Thread 0x00007f865302ae00 nmethod 2185% 0x0000000114da6010 code [0x0000000114da6600, 0x0000000114daa060]
Event: 21.442 Thread 0x00007f865302ae00 2186       3       jdk.internal.misc.Unsafe::putIntOpaque (9 bytes)
Event: 21.442 Thread 0x00007f865302ae00 nmethod 2186 0x0000000114dab690 code [0x0000000114dab820, 0x0000000114dab930]
Event: 21.443 Thread 0x00007f865302a800 2188       4       java.lang.StringConcatHelper::prepend (37 bytes)
Event: 21.444 Thread 0x00007f865302a800 nmethod 2188 0x000000011bfc8490 code [0x000000011bfc8620, 0x000000011bfc8778]
Event: 21.459 Thread 0x00007f865302a800 2189       4       java.util.concurrent.locks.ReentrantLock::unlock (10 bytes)
Event: 21.460 Thread 0x00007f865302ae00 2190       3       com.sun.javafx.tk.Toolkit$$Lambda$395/0x0000000800de5380::run (8 bytes)
Event: 21.461 Thread 0x00007f865302ae00 nmethod 2190 0x0000000114daba10 code [0x0000000114dabbc0, 0x0000000114dabe00]
Event: 21.461 Thread 0x00007f865302ae00 2191       3       com.sun.javafx.tk.Toolkit::lambda$runPulse$2 (8 bytes)
Event: 21.461 Thread 0x00007f865302ae00 nmethod 2191 0x0000000114dabf10 code [0x0000000114dac0c0, 0x0000000114dac280]

GC Heap History (2 events):
Event: 0.814 GC heap before
{Heap before GC invocations=0 (full 0):
 garbage-first heap   total 266240K, used 24532K [0x0000000700000000, 0x0000000800000000)
  region size 2048K, 11 young (22528K), 0 survivors (0K)
 Metaspace       used 6444K, committed 6592K, reserved 1056768K
  class space    used 769K, committed 832K, reserved 1048576K
}
Event: 0.823 GC heap after
{Heap after GC invocations=1 (full 0):
 garbage-first heap   total 266240K, used 5185K [0x0000000700000000, 0x0000000800000000)
  region size 2048K, 2 young (4096K), 2 survivors (4096K)
 Metaspace       used 6444K, committed 6592K, reserved 1056768K
  class space    used 769K, committed 832K, reserved 1048576K
}

Deoptimization events (20 events):
Event: 21.371 Thread 0x00007f86740c3000 Uncommon trap: trap_request=0x00000022 fr.pc=0x000000011bfbcf8c relative=0x0000000000000acc
Event: 21.371 Thread 0x00007f86740c3000 Uncommon trap: reason=unloaded action=reinterpret pc=0x000000011bfbcf8c method=sun.nio.ch.NioSocketImpl.implWrite([BII)I @ 82 c2
Event: 21.371 Thread 0x00007f86740c3000 DEOPT PACKING pc=0x000000011bfbcf8c sp=0x00000003080cd980
Event: 21.371 Thread 0x00007f86740c3000 DEOPT UNPACKING pc=0x0000000114471093 sp=0x00000003080cd6f0 mode 2
Event: 21.371 Thread 0x00007f86740c3000 Uncommon trap: trap_request=0xffffff45 fr.pc=0x000000011bfb44f8 relative=0x00000000000001d8
Event: 21.371 Thread 0x00007f86740c3000 Uncommon trap: reason=unstable_if action=reinterpret pc=0x000000011bfb44f8 method=sun.nio.ch.NioSocketImpl.endWrite(Z)V @ 27 c2
Event: 21.371 Thread 0x00007f86740c3000 DEOPT PACKING pc=0x000000011bfb44f8 sp=0x00000003080cd690
Event: 21.371 Thread 0x00007f86740c3000 DEOPT UNPACKING pc=0x0000000114471093 sp=0x00000003080cd648 mode 2
Event: 21.371 Thread 0x00007f86740c3000 Uncommon trap: trap_request=0x00000091 fr.pc=0x000000011bfc0a28 relative=0x0000000000000108
Event: 21.371 Thread 0x00007f86740c3000 Uncommon trap: reason=unloaded action=reinterpret pc=0x000000011bfc0a28 method=hangman_code.HangmanServer.startGame()V @ 177 c2
Event: 21.371 Thread 0x00007f86740c3000 DEOPT PACKING pc=0x000000011bfc0a28 sp=0x00000003080cda00
Event: 21.371 Thread 0x00007f86740c3000 DEOPT UNPACKING pc=0x0000000114471093 sp=0x00000003080cd9b0 mode 2
Event: 21.372 Thread 0x00007f86740c3000 Uncommon trap: trap_request=0x00000022 fr.pc=0x000000011bfba584 relative=0x00000000000019c4
Event: 21.372 Thread 0x00007f86740c3000 Uncommon trap: reason=unloaded action=reinterpret pc=0x000000011bfba584 method=sun.nio.ch.NioSocketImpl.implWrite([BII)I @ 82 c2
Event: 21.372 Thread 0x00007f86740c3000 DEOPT PACKING pc=0x000000011bfba584 sp=0x00000003080cd870
Event: 21.372 Thread 0x00007f86740c3000 DEOPT UNPACKING pc=0x0000000114471093 sp=0x00000003080cd7c8 mode 2
Event: 21.373 Thread 0x00007f86740c3000 Uncommon trap: trap_request=0x00000022 fr.pc=0x000000011bfb84f4 relative=0x0000000000000534
Event: 21.373 Thread 0x00007f86740c3000 Uncommon trap: reason=unloaded action=reinterpret pc=0x000000011bfb84f4 method=sun.nio.ch.NioSocketImpl.implWrite([BII)I @ 82 c2
Event: 21.373 Thread 0x00007f86740c3000 DEOPT PACKING pc=0x000000011bfb84f4 sp=0x00000003080cd7e0
Event: 21.373 Thread 0x00007f86740c3000 DEOPT UNPACKING pc=0x0000000114471093 sp=0x00000003080cd7b8 mode 2

Classes unloaded (0 events):
No events

Classes redefined (0 events):
No events

Internal exceptions (20 events):
Event: 21.461 Thread 0x00007f86740c3000 Exception <a 'java/io/IOException'{0x000000070ccec710}> (0x000000070ccec710) 
thrown [open/src/hotspot/share/prims/jni.cpp, line 516]
Event: 21.461 Thread 0x00007f86740c3000 Exception <a 'java/io/IOException'{0x000000070ccecea0}> (0x000000070ccecea0) 
thrown [open/src/hotspot/share/prims/jni.cpp, line 516]
Event: 21.461 Thread 0x00007f86740c3000 Exception <a 'java/io/IOException'{0x000000070cced630}> (0x000000070cced630) 
thrown [open/src/hotspot/share/prims/jni.cpp, line 516]
Event: 21.461 Thread 0x00007f86740c3000 Exception <a 'java/io/IOException'{0x000000070cceddc0}> (0x000000070cceddc0) 
thrown [open/src/hotspot/share/prims/jni.cpp, line 516]
Event: 21.461 Thread 0x00007f86740c3000 Exception <a 'java/io/IOException'{0x000000070ccee550}> (0x000000070ccee550) 
thrown [open/src/hotspot/share/prims/jni.cpp, line 516]
Event: 21.461 Thread 0x00007f86740c3000 Exception <a 'java/io/IOException'{0x000000070cceece0}> (0x000000070cceece0) 
thrown [open/src/hotspot/share/prims/jni.cpp, line 516]
Event: 21.461 Thread 0x00007f86740c3000 Exception <a 'java/io/IOException'{0x000000070ccef470}> (0x000000070ccef470) 
thrown [open/src/hotspot/share/prims/jni.cpp, line 516]
Event: 21.461 Thread 0x00007f86740c3000 Exception <a 'java/io/IOException'{0x000000070ccefc00}> (0x000000070ccefc00) 
thrown [open/src/hotspot/share/prims/jni.cpp, line 516]
Event: 21.461 Thread 0x00007f86740c3000 Exception <a 'java/io/IOException'{0x000000070ccf0390}> (0x000000070ccf0390) 
thrown [open/src/hotspot/share/prims/jni.cpp, line 516]
Event: 21.461 Thread 0x00007f86740c3000 Exception <a 'java/io/IOException'{0x000000070ccf0b20}> (0x000000070ccf0b20) 
thrown [open/src/hotspot/share/prims/jni.cpp, line 516]
Event: 21.461 Thread 0x00007f86740c3000 Exception <a 'java/io/IOException'{0x000000070ccf12b0}> (0x000000070ccf12b0) 
thrown [open/src/hotspot/share/prims/jni.cpp, line 516]
Event: 21.461 Thread 0x00007f86740c3000 Exception <a 'java/io/IOException'{0x000000070ccf1a40}> (0x000000070ccf1a40) 
thrown [open/src/hotspot/share/prims/jni.cpp, line 516]
Event: 21.461 Thread 0x00007f86740c3000 Exception <a 'java/io/IOException'{0x000000070ccf21d0}> (0x000000070ccf21d0) 
thrown [open/src/hotspot/share/prims/jni.cpp, line 516]
Event: 21.461 Thread 0x00007f86740c3000 Exception <a 'java/io/IOException'{0x000000070ccf2960}> (0x000000070ccf2960) 
thrown [open/src/hotspot/share/prims/jni.cpp, line 516]
Event: 21.461 Thread 0x00007f86740c3000 Exception <a 'java/io/IOException'{0x000000070ccf30f0}> (0x000000070ccf30f0) 
thrown [open/src/hotspot/share/prims/jni.cpp, line 516]
Event: 21.461 Thread 0x00007f86740c3000 Exception <a 'java/io/IOException'{0x000000070ccf3880}> (0x000000070ccf3880) 
thrown [open/src/hotspot/share/prims/jni.cpp, line 516]
Event: 21.461 Thread 0x00007f86740c3000 Exception <a 'java/io/IOException'{0x000000070ccf4010}> (0x000000070ccf4010) 
thrown [open/src/hotspot/share/prims/jni.cpp, line 516]
Event: 21.461 Thread 0x00007f86740c3000 Exception <a 'java/io/IOException'{0x000000070ccf47a0}> (0x000000070ccf47a0) 
thrown [open/src/hotspot/share/prims/jni.cpp, line 516]
Event: 21.461 Thread 0x00007f86740c3000 Exception <a 'java/io/IOException'{0x000000070ccf4f30}> (0x000000070ccf4f30) 
thrown [open/src/hotspot/share/prims/jni.cpp, line 516]
Event: 21.461 Thread 0x00007f86740c3000 Exception <a 'java/io/IOException'{0x000000070ccf56c0}> (0x000000070ccf56c0) 
thrown [open/src/hotspot/share/prims/jni.cpp, line 516]

VM Operations (20 events):
Event: 0.814 Executing VM operation: G1CollectForAllocation
Event: 0.823 Executing VM operation: G1CollectForAllocation done
Event: 0.902 Executing VM operation: HandshakeAllThreads
Event: 0.902 Executing VM operation: HandshakeAllThreads done
Event: 1.306 Executing VM operation: HandshakeAllThreads
Event: 1.306 Executing VM operation: HandshakeAllThreads done
Event: 1.371 Executing VM operation: ICBufferFull
Event: 1.372 Executing VM operation: ICBufferFull done
Event: 2.185 Executing VM operation: ICBufferFull
Event: 2.188 Executing VM operation: ICBufferFull done
Event: 3.192 Executing VM operation: Cleanup
Event: 3.193 Executing VM operation: Cleanup done
Event: 6.201 Executing VM operation: Cleanup
Event: 6.202 Executing VM operation: Cleanup done
Event: 10.214 Executing VM operation: Cleanup
Event: 10.214 Executing VM operation: Cleanup done
Event: 15.235 Executing VM operation: Cleanup
Event: 15.235 Executing VM operation: Cleanup done
Event: 21.381 Executing VM operation: Cleanup
Event: 21.382 Executing VM operation: Cleanup done

Events (20 events):
Event: 9.521 loading class java/net/Socket$SocketOutputStream
Event: 9.521 loading class java/net/Socket$SocketOutputStream done
Event: 9.521 loading class sun/nio/ch/NioSocketImpl$2
Event: 9.521 loading class sun/nio/ch/NioSocketImpl$2 done
Event: 9.535 Protecting memory [0x0000000307c42000,0x0000000307c46000] with protection modes 0
Event: 9.535 Thread 0x00007f86740c1600 Thread added: 0x00007f86740c1600
Event: 9.560 Thread 0x00007f8634808a00 Thread added: 0x00007f8634808a00
Event: 9.561 Protecting memory [0x0000000307dc8000,0x0000000307dcc000] with protection modes 0
Event: 9.818 Protecting memory [0x0000000307c42000,0x0000000307c46000] with protection modes 3
Event: 9.818 Thread 0x00007f86740c1600 Thread exited: 0x00007f86740c1600
Event: 14.584 Protecting memory [0x00000003076ad000,0x00000003076b1000] with protection modes 0
Event: 14.584 Thread 0x00007f86350a3c00 Thread added: 0x00007f86350a3c00
Event: 14.586 Protecting memory [0x0000000307dc8000,0x0000000307dcc000] with protection modes 3
Event: 14.586 Thread 0x00007f8634808a00 Thread exited: 0x00007f8634808a00
Event: 15.310 Protecting memory [0x00000003076ad000,0x00000003076b1000] with protection modes 3
Event: 15.310 Thread 0x00007f86350a3c00 Thread exited: 0x00007f86350a3c00
Event: 21.371 loading class java/net/SocketException
Event: 21.371 loading class java/net/SocketException done
Event: 21.376 Protecting memory [0x00000003076ad000,0x00000003076b1000] with protection modes 0
Event: 21.376 Thread 0x00007f86740ac800 Thread added: 0x00007f86740ac800


Dynamic libraries:
0x0000000109463000 	/Users/quocdo/Library/Java/JavaVirtualMachines/openjdk-17.0.1/Contents/Home/lib/libjli.dylib
0x00007ff82b00d000 	/usr/lib/libz.1.dylib
0x00007ff82b0f3000 	/usr/lib/libSystem.B.dylib
0x00007ff82b0ee000 	/usr/lib/system/libcache.dylib
0x00007ff82b0aa000 	/usr/lib/system/libcommonCrypto.dylib
0x00007ff82b0d3000 	/usr/lib/system/libcompiler_rt.dylib
0x00007ff82b0c9000 	/usr/lib/system/libcopyfile.dylib
0x00007ff81fc82000 	/usr/lib/system/libcorecrypto.dylib
0x00007ff81fd40000 	/usr/lib/system/libdispatch.dylib
0x00007ff81fefc000 	/usr/lib/system/libdyld.dylib
0x00007ff82b0e5000 	/usr/lib/system/libkeymgr.dylib
0x00007ff82b088000 	/usr/lib/system/libmacho.dylib
0x00007ff82a720000 	/usr/lib/system/libquarantine.dylib
0x00007ff82b0e3000 	/usr/lib/system/libremovefile.dylib
0x00007ff824d7c000 	/usr/lib/system/libsystem_asl.dylib
0x00007ff81fc30000 	/usr/lib/system/libsystem_blocks.dylib
0x00007ff81fdc7000 	/usr/lib/system/libsystem_c.dylib
0x00007ff82b0db000 	/usr/lib/system/libsystem_collections.dylib
0x00007ff829955000 	/usr/lib/system/libsystem_configuration.dylib
0x00007ff828c1a000 	/usr/lib/system/libsystem_containermanager.dylib
0x00007ff82adc4000 	/usr/lib/system/libsystem_coreservices.dylib
0x00007ff82243e000 	/usr/lib/system/libsystem_darwin.dylib
0x00007ff82b0e6000 	/usr/lib/system/libsystem_dnssd.dylib
0x00007ff81fdc4000 	/usr/lib/system/libsystem_featureflags.dylib
0x00007ff81ff13000 	/usr/lib/system/libsystem_info.dylib
0x00007ff82b020000 	/usr/lib/system/libsystem_m.dylib
0x00007ff81fd15000 	/usr/lib/system/libsystem_malloc.dylib
0x00007ff824d19000 	/usr/lib/system/libsystem_networkextension.dylib
0x00007ff822866000 	/usr/lib/system/libsystem_notify.dylib
0x00007ff831318000 	/usr/lib/system/libsystem_product_info_filter.dylib
0x00007ff829959000 	/usr/lib/system/libsystem_sandbox.dylib
0x00007ff82b0e0000 	/usr/lib/system/libsystem_secinit.dylib
0x00007ff81febf000 	/usr/lib/system/libsystem_kernel.dylib
0x00007ff81ff08000 	/usr/lib/system/libsystem_platform.dylib
0x00007ff81fef0000 	/usr/lib/system/libsystem_pthread.dylib
0x00007ff826631000 	/usr/lib/system/libsystem_symptoms.dylib
0x00007ff81fc69000 	/usr/lib/system/libsystem_trace.dylib
0x00007ff82b0b6000 	/usr/lib/system/libunwind.dylib
0x00007ff81fc32000 	/usr/lib/system/libxpc.dylib
0x00007ff81fea9000 	/usr/lib/libc++abi.dylib
0x00007ff81fd87000 	/usr/lib/libobjc.A.dylib
0x00007ff82b0c1000 	/usr/lib/liboah.dylib
0x00007ff81fe50000 	/usr/lib/libc++.1.dylib
0x00007ff837023000 	/System/Library/Frameworks/Cocoa.framework/Versions/A/Cocoa
0x00007ff8228c3000 	/System/Library/Frameworks/AppKit.framework/Versions/C/AppKit
0x00007ff825e19000 	/System/Library/Frameworks/CoreData.framework/Versions/A/CoreData
0x00007ff820ce8000 	/System/Library/Frameworks/Foundation.framework/Versions/C/Foundation
0x00007ff82374e000 	/System/Library/PrivateFrameworks/UIFoundation.framework/Versions/A/UIFoundation
0x00007ff83101f000 	/System/Library/PrivateFrameworks/RemoteViewServices.framework/Versions/A/RemoteViewServices
0x00007ff8292f0000 	/System/Library/PrivateFrameworks/XCTTargetBootstrap.framework/Versions/A/XCTTargetBootstrap
0x00007ff82d00c000 	/System/Library/PrivateFrameworks/InternationalSupport.framework/Versions/A/InternationalSupport
0x00007ff82d096000 	/System/Library/PrivateFrameworks/UserActivity.framework/Versions/A/UserActivity
0x00007ff82c3a2000 	/usr/lib/libspindump.dylib
0x00007ff8239dc000 	/System/Library/Frameworks/UniformTypeIdentifiers.framework/Versions/A/UniformTypeIdentifiers
0x00007ff827a30000 	/usr/lib/libapp_launch_measurement.dylib
0x00007ff827a33000 	/System/Library/PrivateFrameworks/CoreAutoLayout.framework/Versions/A/CoreAutoLayout
0x00007ff828c52000 	/System/Library/Frameworks/Metal.framework/Versions/A/Metal
0x00007ff829964000 	/usr/lib/liblangid.dylib
0x00007ff8292f4000 	/System/Library/PrivateFrameworks/CoreSVG.framework/Versions/A/CoreSVG
0x00007ff824dac000 	/System/Library/PrivateFrameworks/SkyLight.framework/Versions/A/SkyLight
0x00007ff825138000 	/System/Library/Frameworks/CoreGraphics.framework/Versions/A/CoreGraphics
0x00007ff831687000 	/System/Library/Frameworks/Accelerate.framework/Versions/A/Accelerate
0x00007ff82be1e000 	/System/Library/PrivateFrameworks/IconServices.framework/Versions/A/IconServices
0x00007ff828c37000 	/System/Library/Frameworks/IOSurface.framework/Versions/A/IOSurface
0x00007ff826814000 	/usr/lib/libDiagnosticMessagesClient.dylib
0x00007ff834cd0000 	/System/Library/Frameworks/ApplicationServices.framework/Versions/A/ApplicationServices
0x00007ff8292dc000 	/System/Library/PrivateFrameworks/DFRFoundation.framework/Versions/A/DFRFoundation
0x00007ff8221b5000 	/usr/lib/libicucore.A.dylib
0x00007ff82dd27000 	/System/Library/Frameworks/AudioToolbox.framework/Versions/A/AudioToolbox
0x00007ff82d018000 	/System/Library/PrivateFrameworks/DataDetectorsCore.framework/Versions/A/DataDetectorsCore
0x00007ff9287b3000 	/System/Library/PrivateFrameworks/TextInput.framework/Versions/A/TextInput
0x00007ff824d30000 	/usr/lib/libMobileGestalt.dylib
0x00007ff828fe4000 	/System/Library/Frameworks/Carbon.framework/Versions/A/Frameworks/HIToolbox.framework/Versions/A/HIToolbox
0x00007ff82745f000 	/System/Library/Frameworks/QuartzCore.framework/Versions/A/QuartzCore
0x00007ff821e58000 	/System/Library/Frameworks/Security.framework/Versions/A/Security
0x00007ff831057000 	/System/Library/Frameworks/Carbon.framework/Versions/A/Frameworks/SpeechRecognition.framework/Versions/A/SpeechRecognition
0x00007ff827791000 	/System/Library/PrivateFrameworks/CoreUI.framework/Versions/A/CoreUI
0x00007ff821737000 	/System/Library/Frameworks/CoreAudio.framework/Versions/A/CoreAudio
0x00007ff826902000 	/System/Library/Frameworks/DiskArbitration.framework/Versions/A/DiskArbitration
0x00007ff82c785000 	/System/Library/PrivateFrameworks/MultitouchSupport.framework/Versions/A/MultitouchSupport
0x00007ff824d2f000 	/usr/lib/libenergytrace.dylib
0x00007ff8227b0000 	/System/Library/Frameworks/IOKit.framework/Versions/A/IOKit
0x00007ff831441000 	/System/Library/Frameworks/CoreServices.framework/Versions/A/CoreServices
0x00007ff8279ca000 	/System/Library/PrivateFrameworks/PerformanceAnalysis.framework/Versions/A/PerformanceAnalysis
0x00007ffa397ae000 	/System/Library/Frameworks/OpenGL.framework/Versions/A/OpenGL
0x00007ff82a64c000 	/System/Library/PrivateFrameworks/MobileKeyBag.framework/Versions/A/MobileKeyBag
0x00007ff82586a000 	/System/Library/Frameworks/ColorSync.framework/Versions/A/ColorSync
0x00007ff81ff3e000 	/System/Library/Frameworks/CoreFoundation.framework/Versions/A/CoreFoundation
0x00007ff82956c000 	/System/Library/Frameworks/CoreImage.framework/Versions/A/CoreImage
0x00007ff82154d000 	/System/Library/Frameworks/CoreText.framework/Versions/A/CoreText
0x00007ff829323000 	/System/Library/Frameworks/ImageIO.framework/Versions/A/ImageIO
0x00007ff82b0f9000 	/System/Library/PrivateFrameworks/SoftLinking.framework/Versions/A/SoftLinking
0x00007ff827a7b000 	/usr/lib/libxml2.2.dylib
0x00007ff82b379000 	/usr/lib/libcompression.dylib
0x00007ff82cf42000 	/System/Library/PrivateFrameworks/TextureIO.framework/Versions/A/TextureIO
0x00007ff82ba99000 	/usr/lib/libate.dylib
0x00007ff82b852000 	/usr/lib/liblzma.5.dylib
0x00007ff8209f9000 	/System/Library/Frameworks/SystemConfiguration.framework/Versions/A/SystemConfiguration
0x00007ff82b0f5000 	/usr/lib/libfakelink.dylib
0x00007ff824883000 	/System/Library/Frameworks/CFNetwork.framework/Versions/A/CFNetwork
0x00007ff82b234000 	/usr/lib/libarchive.2.dylib
0x00007ff82a746000 	/usr/lib/libbsm.0.dylib
0x00007ff823eac000 	/usr/lib/libnetwork.dylib
0x00007ff82b08e000 	/usr/lib/system/libkxld.dylib
0x00007ffb3606e000 	/usr/lib/libCoreEntitlements.dylib
0x00007ff82ada6000 	/System/Library/PrivateFrameworks/AppleFSCompression.framework/Versions/A/AppleFSCompression
0x00007ff82a72f000 	/usr/lib/libcoretls.dylib
0x00007ff82b86c000 	/usr/lib/libcoretls_cfhelpers.dylib
0x00007ff82b374000 	/usr/lib/libpam.2.dylib
0x00007ff826258000 	/usr/lib/libsqlite3.dylib
0x00007ff82b8db000 	/usr/lib/libxar.1.dylib
0x00007ff829960000 	/System/Library/PrivateFrameworks/AppleSystemInfo.framework/Versions/A/AppleSystemInfo
0x00007ff82a374000 	/System/Library/PrivateFrameworks/IOMobileFramebuffer.framework/Versions/A/IOMobileFramebuffer
0x00007ff82adb6000 	/usr/lib/libbz2.1.0.dylib
0x00007ff82b0fa000 	/usr/lib/libpcap.A.dylib
0x00007ff826628000 	/usr/lib/libdns_services.dylib
0x00007ff82b346000 	/usr/lib/libapple_nghttp2.dylib
0x00007ff82b131000 	/usr/lib/libiconv.2.dylib
0x00007ff82b087000 	/usr/lib/libcharset.1.dylib
0x00007ff8279fe000 	/System/Library/Frameworks/CoreServices.framework/Versions/A/Frameworks/FSEvents.framework/Versions/A/FSEvents
0x00007ff822448000 	/System/Library/Frameworks/CoreServices.framework/Versions/A/Frameworks/CarbonCore.framework/Versions/A/CarbonCore
0x00007ff826867000 	/System/Library/Frameworks/CoreServices.framework/Versions/A/Frameworks/Metadata.framework/Versions/A/Metadata
0x00007ff82adc9000 	/System/Library/Frameworks/CoreServices.framework/Versions/A/Frameworks/OSServices.framework/Versions/A/OSServices
0x00007ff82b2ba000 	/System/Library/Frameworks/CoreServices.framework/Versions/A/Frameworks/SearchKit.framework/Versions/A/SearchKit
0x00007ff8265ba000 	/System/Library/Frameworks/CoreServices.framework/Versions/A/Frameworks/AE.framework/Versions/A/AE
0x00007ff82043f000 	/System/Library/Frameworks/CoreServices.framework/Versions/A/Frameworks/LaunchServices.framework/Versions/A/LaunchServices
0x00007ff82b803000 	/System/Library/Frameworks/CoreServices.framework/Versions/A/Frameworks/DictionaryServices.framework/Versions/A/DictionaryServices
0x00007ff827a0b000 	/System/Library/Frameworks/CoreServices.framework/Versions/A/Frameworks/SharedFileList.framework/Versions/A/SharedFileList
0x00007ff82a723000 	/usr/lib/libCheckFix.dylib
0x00007ff824d93000 	/System/Library/PrivateFrameworks/TCC.framework/Versions/A/TCC
0x00007ff829966000 	/System/Library/PrivateFrameworks/CoreNLP.framework/Versions/A/CoreNLP
0x00007ff826817000 	/System/Library/PrivateFrameworks/MetadataUtilities.framework/Versions/A/MetadataUtilities
0x00007ff820aa9000 	/usr/lib/libmecabra.dylib
0x00007ff82a756000 	/usr/lib/libmecab.dylib
0x00007ff820a74000 	/usr/lib/libCRFSuite.dylib
0x00007ff82a7b3000 	/usr/lib/libgermantok.dylib
0x00007ff82b321000 	/usr/lib/libThaiTokenizer.dylib
0x00007ff826909000 	/System/Library/Frameworks/Accelerate.framework/Versions/A/Frameworks/vImage.framework/Versions/A/vImage
0x00007ff831418000 	/System/Library/Frameworks/Accelerate.framework/Versions/A/Frameworks/vecLib.framework/Versions/A/vecLib
0x00007ff82b91c000 	/System/Library/Frameworks/Accelerate.framework/Versions/A/Frameworks/vecLib.framework/Versions/A/libvMisc.dylib
0x00007ff82a168000 	/System/Library/Frameworks/Accelerate.framework/Versions/A/Frameworks/vecLib.framework/Versions/A/libvDSP.dylib
0x00007ff8207b5000 	/System/Library/Frameworks/Accelerate.framework/Versions/A/Frameworks/vecLib.framework/Versions/A/libBLAS.dylib
0x00007ff82b456000 	/System/Library/Frameworks/Accelerate.framework/Versions/A/Frameworks/vecLib.framework/Versions/A/libLAPACK.dylib
0x00007ff82a7b6000 	/System/Library/Frameworks/Accelerate.framework/Versions/A/Frameworks/vecLib.framework/Versions/A/libLinearAlgebra.dylib
0x00007ff82b35f000 	/System/Library/Frameworks/Accelerate.framework/Versions/A/Frameworks/vecLib.framework/Versions/A/libSparseBLAS.dylib
0x00007ff82b450000 	/System/Library/Frameworks/Accelerate.framework/Versions/A/Frameworks/vecLib.framework/Versions/A/libQuadrature.dylib
0x00007ff829a50000 	/System/Library/Frameworks/Accelerate.framework/Versions/A/Frameworks/vecLib.framework/Versions/A/libBNNS.dylib
0x00007ff82098a000 	/System/Library/Frameworks/Accelerate.framework/Versions/A/Frameworks/vecLib.framework/Versions/A/libSparse.dylib
0x00007ff8267e7000 	/System/Library/PrivateFrameworks/CoreAnalytics.framework/Versions/A/CoreAnalytics
0x00007ff829a49000 	/System/Library/PrivateFrameworks/LinguisticData.framework/Versions/A/LinguisticData
0x00007ff82093f000 	/System/Library/PrivateFrameworks/Lexicon.framework/Versions/A/Lexicon
0x00007ff82b915000 	/usr/lib/libChineseTokenizer.dylib
0x00007ff8210a1000 	/System/Library/PrivateFrameworks/LanguageModeling.framework/Versions/A/LanguageModeling
0x00007ff82b323000 	/System/Library/PrivateFrameworks/AppleSauce.framework/Versions/A/AppleSauce
0x00007ff82a362000 	/System/Library/PrivateFrameworks/CoreEmoji.framework/Versions/A/CoreEmoji
0x00007ff82b223000 	/usr/lib/libcmph.dylib
0x00007ff8279e2000 	/System/Library/Frameworks/OpenDirectory.framework/Versions/A/Frameworks/CFOpenDirectory.framework/Versions/A/CFOpenDirectory
0x00007ff8279d6000 	/System/Library/Frameworks/OpenDirectory.framework/Versions/A/OpenDirectory
0x00007ff82b86e000 	/System/Library/PrivateFrameworks/APFS.framework/Versions/A/APFS
0x00007ff82a684000 	/System/Library/Frameworks/SecurityFoundation.framework/Versions/A/SecurityFoundation
0x00007ff82b8e9000 	/usr/lib/libutil.dylib
0x00007ff822773000 	/System/Library/PrivateFrameworks/CoreServicesStore.framework/Versions/A/CoreServicesStore
0x00007ff82b8ed000 	/usr/lib/libxslt.1.dylib
0x00007ff82a711000 	/System/Library/PrivateFrameworks/BackgroundTaskManagement.framework/Versions/A/BackgroundTaskManagement
0x00007ff82ce64000 	/System/Library/Frameworks/ImageIO.framework/Versions/A/Resources/libRadiance.dylib
0x00007ff82ce6d000 	/System/Library/Frameworks/ImageIO.framework/Versions/A/Resources/libJPEG.dylib
0x00007ff82cdbe000 	/System/Library/Frameworks/ImageIO.framework/Versions/A/Resources/libPng.dylib
0x00007ff82cddf000 	/System/Library/Frameworks/ImageIO.framework/Versions/A/Resources/libTIFF.dylib
0x00007ff82cecb000 	/System/Library/Frameworks/ImageIO.framework/Versions/A/Resources/libGIF.dylib
0x00007ff82c6a2000 	/System/Library/Frameworks/ImageIO.framework/Versions/A/Resources/libJP2.dylib
0x00007ff82bde5000 	/usr/lib/libexpat.1.dylib
0x00007ff82c657000 	/System/Library/PrivateFrameworks/AppleJPEG.framework/Versions/A/AppleJPEG
0x00007ff828eab000 	/System/Library/PrivateFrameworks/FontServices.framework/libFontParser.dylib
0x00007ff826564000 	/System/Library/PrivateFrameworks/RunningBoardServices.framework/Versions/A/RunningBoardServices
0x00007ff83758f000 	/System/Library/PrivateFrameworks/IOSurfaceAccelerator.framework/Versions/A/IOSurfaceAccelerator
0x00007ff82c781000 	/System/Library/PrivateFrameworks/WatchdogClient.framework/Versions/A/WatchdogClient
0x00007ff821190000 	/System/Library/Frameworks/CoreDisplay.framework/Versions/A/CoreDisplay
0x00007ff828dac000 	/System/Library/Frameworks/CoreMedia.framework/Versions/A/CoreMedia
0x00007ff828c49000 	/System/Library/PrivateFrameworks/IOAccelerator.framework/Versions/A/IOAccelerator
0x00007ff827b5e000 	/System/Library/Frameworks/CoreVideo.framework/Versions/A/CoreVideo
0x00007ff82b372000 	/System/Library/Frameworks/MetalPerformanceShaders.framework/Versions/A/MetalPerformanceShaders
0x00007ff82c7bc000 	/System/Library/Frameworks/VideoToolbox.framework/Versions/A/VideoToolbox
0x00007ff8264ad000 	/System/Library/PrivateFrameworks/BaseBoard.framework/Versions/A/BaseBoard
0x00007ff82623e000 	/System/Library/PrivateFrameworks/ProtocolBuffer.framework/Versions/A/ProtocolBuffer
0x00007ff82ce5d000 	/System/Library/PrivateFrameworks/GPUWrangler.framework/Versions/A/GPUWrangler
0x00007ff82ce40000 	/System/Library/PrivateFrameworks/IOPresentment.framework/Versions/A/IOPresentment
0x00007ff82ce67000 	/System/Library/PrivateFrameworks/DSExternalDisplay.framework/Versions/A/DSExternalDisplay
0x00007ffa397a2000 	/System/Library/Frameworks/OpenGL.framework/Versions/A/Libraries/libCoreFSCache.dylib
0x00007ffb2547a000 	/System/Library/PrivateFrameworks/GPUCompiler.framework/Versions/31001/Libraries/libGPUCompilerUtils.dylib
0x00007ff82ced0000 	/System/Library/PrivateFrameworks/CMCaptureCore.framework/Versions/A/CMCaptureCore
0x00007ff82c390000 	/System/Library/PrivateFrameworks/AppServerSupport.framework/Versions/A/AppServerSupport
0x00007ff82e5a1000 	/System/Library/PrivateFrameworks/perfdata.framework/Versions/A/perfdata
0x00007ff8212bc000 	/System/Library/PrivateFrameworks/AudioToolboxCore.framework/Versions/A/AudioToolboxCore
0x00007ff828d89000 	/System/Library/PrivateFrameworks/caulk.framework/Versions/A/caulk
0x00007ff82dece000 	/usr/lib/libAudioStatistics.dylib
0x00007ff92508a000 	/System/Library/PrivateFrameworks/SystemPolicy.framework/Versions/A/SystemPolicy
0x00007ff82e11a000 	/usr/lib/libSMC.dylib
0x00007ff836ed6000 	/System/Library/Frameworks/CoreMIDI.framework/Versions/A/CoreMIDI
0x00007ff82cd8e000 	/usr/lib/libAudioToolboxUtility.dylib
0x00007ff9214cc000 	/System/Library/PrivateFrameworks/OSAServicesClient.framework/Versions/A/OSAServicesClient
0x00007ff82e5ae000 	/usr/lib/libperfcheck.dylib
0x00007ff925b15000 	/usr/lib/libmis.dylib
0x00007ffa397fe000 	/System/Library/Frameworks/OpenGL.framework/Versions/A/Libraries/libGLU.dylib
0x00007ffa397c1000 	/System/Library/Frameworks/OpenGL.framework/Versions/A/Libraries/libGFXShared.dylib
0x00007ffa399cd000 	/System/Library/Frameworks/OpenGL.framework/Versions/A/Libraries/libGL.dylib
0x00007ffa397ca000 	/System/Library/Frameworks/OpenGL.framework/Versions/A/Libraries/libGLImage.dylib
0x00007ffa397be000 	/System/Library/Frameworks/OpenGL.framework/Versions/A/Libraries/libCVMSPluginSupport.dylib
0x00007ffa397a9000 	/System/Library/Frameworks/OpenGL.framework/Versions/A/Libraries/libCoreVMClient.dylib
0x00007ff8298e4000 	/System/Library/Frameworks/MetalPerformanceShaders.framework/Versions/A/Frameworks/MPSCore.framework/Versions/A/MPSCore
0x00007ff82ad12000 	/System/Library/Frameworks/MetalPerformanceShaders.framework/Versions/A/Frameworks/MPSImage.framework/Versions/A/MPSImage
0x00007ff82a7cc000 	/System/Library/Frameworks/MetalPerformanceShaders.framework/Versions/A/Frameworks/MPSNeuralNetwork.framework/Versions/A/MPSNeuralNetwork
0x00007ff82ac41000 	/System/Library/Frameworks/MetalPerformanceShaders.framework/Versions/A/Frameworks/MPSMatrix.framework/Versions/A/MPSMatrix
0x00007ff82a9fd000 	/System/Library/Frameworks/MetalPerformanceShaders.framework/Versions/A/Frameworks/MPSRayIntersector.framework/Versions/A/MPSRayIntersector
0x00007ff82ac7a000 	/System/Library/Frameworks/MetalPerformanceShaders.framework/Versions/A/Frameworks/MPSNDArray.framework/Versions/A/MPSNDArray
0x00007ffa3e26d000 	/System/Library/Frameworks/MetalPerformanceShaders.framework/Versions/A/Frameworks/MPSFunctions.framework/Versions/A/MPSFunctions
0x00007ff820698000 	/System/Library/PrivateFrameworks/MetalTools.framework/Versions/A/MetalTools
0x00007ff82995e000 	/System/Library/PrivateFrameworks/AggregateDictionary.framework/Versions/A/AggregateDictionary
0x00007ff82bbc9000 	/usr/lib/libIOReport.dylib
0x00007ffa3add8000 	/System/Library/Frameworks/OpenCL.framework/Versions/A/OpenCL
0x00007ff82bf2a000 	/System/Library/PrivateFrameworks/FaceCore.framework/Versions/A/FaceCore
0x00007ff82bf1b000 	/System/Library/PrivateFrameworks/GraphVisualizer.framework/Versions/A/GraphVisualizer
0x00007ffb25385000 	/System/Library/PrivateFrameworks/FontServices.framework/Versions/A/FontServices
0x00007ff82c347000 	/System/Library/PrivateFrameworks/OTSVG.framework/Versions/A/OTSVG
0x00007ff827747000 	/System/Library/Frameworks/ApplicationServices.framework/Versions/A/Frameworks/ATS.framework/Versions/A/Resources/libFontRegistry.dylib
0x00007ff82c398000 	/System/Library/PrivateFrameworks/FontServices.framework/libhvf.dylib
0x00007ffb25386000 	/System/Library/PrivateFrameworks/FontServices.framework/libXTFontStaticRegistryData.dylib
0x00007ff82bd95000 	/System/Library/PrivateFrameworks/AppleVA.framework/Versions/A/AppleVA
0x00007ff82deee000 	/System/Library/Frameworks/ApplicationServices.framework/Versions/A/Frameworks/ATS.framework/Versions/A/ATS
0x00007ff825962000 	/System/Library/Frameworks/ApplicationServices.framework/Versions/A/Frameworks/HIServices.framework/Versions/A/HIServices
0x00007ff82ceda000 	/System/Library/Frameworks/ApplicationServices.framework/Versions/A/Frameworks/PrintCore.framework/Versions/A/PrintCore
0x00007ff82e26d000 	/System/Library/Frameworks/ApplicationServices.framework/Versions/A/Frameworks/QD.framework/Versions/A/QD
0x00007ff82e265000 	/System/Library/Frameworks/ApplicationServices.framework/Versions/A/Frameworks/ColorSyncLegacy.framework/Versions/A/ColorSyncLegacy
0x00007ff82dede000 	/System/Library/Frameworks/ApplicationServices.framework/Versions/A/Frameworks/SpeechSynthesis.framework/Versions/A/SpeechSynthesis
0x00007ff82ce9b000 	/System/Library/Frameworks/ApplicationServices.framework/Versions/A/Frameworks/ATSUI.framework/Versions/A/ATSUI
0x00007ff82e1fa000 	/usr/lib/libcups.2.dylib
0x00007ff82e5bd000 	/System/Library/Frameworks/Kerberos.framework/Versions/A/Kerberos
0x00007ff82e5cc000 	/System/Library/Frameworks/GSS.framework/Versions/A/GSS
0x00007ff82df5a000 	/usr/lib/libresolv.9.dylib
0x00007ff82c3a7000 	/System/Library/PrivateFrameworks/Heimdal.framework/Versions/A/Heimdal
0x00007ff835041000 	/System/Library/Frameworks/Kerberos.framework/Versions/A/Libraries/libHeimdalProxy.dylib
0x00007ff826639000 	/System/Library/Frameworks/Network.framework/Versions/A/Network
0x00007ff82bdff000 	/usr/lib/libheimdal-asn1.dylib
0x00007ff82e617000 	/System/Library/PrivateFrameworks/CommonAuth.framework/Versions/A/CommonAuth
0x00007ff82de5f000 	/System/Library/PrivateFrameworks/AudioSession.framework/Versions/A/AudioSession
0x00007ff82be8f000 	/System/Library/PrivateFrameworks/MediaExperience.framework/Versions/A/MediaExperience
0x00007ff82dcf6000 	/System/Library/PrivateFrameworks/AudioSession.framework/libSessionUtility.dylib
0x00007ff82e279000 	/System/Library/PrivateFrameworks/AudioResourceArbitration.framework/Versions/A/AudioResourceArbitration
0x00007ff82be08000 	/System/Library/PrivateFrameworks/IconFoundation.framework/Versions/A/IconFoundation
0x00007ff831047000 	/System/Library/PrivateFrameworks/SpeechRecognitionCore.framework/Versions/A/SpeechRecognitionCore
0x000000010a4e7000 	/Users/quocdo/Library/Java/JavaVirtualMachines/openjdk-17.0.1/Contents/Home/lib/server/libjvm.dylib
0x00000001094f3000 	/Users/quocdo/Library/Java/JavaVirtualMachines/openjdk-17.0.1/Contents/Home/lib/libjimage.dylib
0x0000000109525000 	/Users/quocdo/Library/Java/JavaVirtualMachines/openjdk-17.0.1/Contents/Home/lib/libinstrument.dylib
0x000000010957b000 	/Users/quocdo/Library/Java/JavaVirtualMachines/openjdk-17.0.1/Contents/Home/lib/libjava.dylib
0x000000010a149000 	/Users/quocdo/Library/Java/JavaVirtualMachines/openjdk-17.0.1/Contents/Home/lib/libnio.dylib
0x000000010a1a1000 	/Users/quocdo/Library/Java/JavaVirtualMachines/openjdk-17.0.1/Contents/Home/lib/libnet.dylib
0x000000010a239000 	/Users/quocdo/Library/Java/JavaVirtualMachines/openjdk-17.0.1/Contents/Home/lib/libzip.dylib
0x000000010a481000 	/Users/quocdo/.openjfx/cache/17.0.0.1/libprism_es2.dylib
0x00007ff822734000 	/System/Library/PrivateFrameworks/CoreServicesInternal.framework/Versions/A/CoreServicesInternal
0x00007ffa399d8000 	/System/Library/Frameworks/OpenGL.framework/Versions/A/Resources/GLEngine.bundle/GLEngine
0x00007ffa3983c000 	/System/Library/Frameworks/OpenGL.framework/Versions/A/Libraries/libGLProgrammability.dylib
0x000000012e5d1000 	/System/Library/Extensions/AppleMetalOpenGLRenderer.bundle/Contents/MacOS/AppleMetalOpenGLRenderer
0x00007ffa39b63000 	/System/Library/Frameworks/OpenGL.framework/Versions/A/Resources/GLRendererFloat.bundle/GLRendererFloat
0x00007ffa2e131000 	/System/Library/Extensions/AGXMetalG13X.bundle/Contents/MacOS/AGXMetalG13X
0x00007ff925b30000 	/System/Library/PrivateFrameworks/GPURawCounter.framework/Versions/A/GPURawCounter
0x00007ff920666000 	/System/Library/PrivateFrameworks/IOGPU.framework/Versions/A/IOGPU
0x0000000130c45000 	/Users/quocdo/.openjfx/cache/17.0.0.1/libglass.dylib
0x00007ff832811000 	/System/Library/Frameworks/FileProvider.framework/Versions/A/FileProvider
0x00007ff826419000 	/System/Library/Frameworks/Accounts.framework/Versions/A/Accounts
0x00007ff832988000 	/System/Library/PrivateFrameworks/GenerationalStorage.framework/Versions/A/GenerationalStorage
0x00007ff833495000 	/System/Library/PrivateFrameworks/CoreSymbolication.framework/Versions/A/CoreSymbolication
0x00007ff832215000 	/System/Library/PrivateFrameworks/SymptomDiagnosticReporter.framework/Versions/A/SymptomDiagnosticReporter
0x00007ff8239f0000 	/System/Library/PrivateFrameworks/DesktopServicesPriv.framework/Versions/A/DesktopServicesPriv
0x00007ff822875000 	/usr/lib/libsandbox.1.dylib
0x00007ff827bdc000 	/System/Library/PrivateFrameworks/UserManagement.framework/Versions/A/UserManagement
0x00007ff83345a000 	/System/Library/PrivateFrameworks/DebugSymbols.framework/Versions/A/DebugSymbols
0x00007ff82e25a000 	/System/Library/PrivateFrameworks/NetAuth.framework/Versions/A/NetAuth
0x00007ff82f143000 	/System/Library/PrivateFrameworks/Sharing.framework/Versions/A/Sharing
0x00007ff827baf000 	/System/Library/PrivateFrameworks/login.framework/Versions/A/Frameworks/loginsupport.framework/Versions/A/loginsupport
0x00007ff834582000 	/System/Library/PrivateFrameworks/Apple80211.framework/Versions/A/Apple80211
0x00007ff82adf6000 	/System/Library/PrivateFrameworks/AuthKit.framework/Versions/A/AuthKit
0x00007ff82a459000 	/System/Library/PrivateFrameworks/CoreUtils.framework/Versions/A/CoreUtils
0x00007ff82a37f000 	/System/Library/Frameworks/CoreWLAN.framework/Versions/A/CoreWLAN
0x00007ff82f29b000 	/System/Library/Frameworks/IOBluetooth.framework/Versions/A/IOBluetooth
0x00007ff8345ea000 	/System/Library/PrivateFrameworks/CoreWiFi.framework/Versions/A/CoreWiFi
0x00007ff833030000 	/System/Library/PrivateFrameworks/FrontBoardServices.framework/Versions/A/FrontBoardServices
0x00007ff8330c2000 	/System/Library/PrivateFrameworks/BoardServices.framework/Versions/A/BoardServices
0x00007ff82a673000 	/System/Library/PrivateFrameworks/AssertionServices.framework/Versions/A/AssertionServices
0x00007ff83476e000 	/System/Library/PrivateFrameworks/BackBoardServices.framework/Versions/A/BackBoardServices
0x00007ff82e6a6000 	/System/Library/PrivateFrameworks/CorePhoneNumbers.framework/Versions/A/CorePhoneNumbers
0x00007ff832332000 	/System/Library/PrivateFrameworks/DiskManagement.framework/Versions/A/DiskManagement
0x00007ff832246000 	/System/Library/PrivateFrameworks/AppleIDAuthSupport.framework/Versions/A/AppleIDAuthSupport
0x00007ffb200bd000 	/System/Library/PrivateFrameworks/AAAFoundation.framework/Versions/A/AAAFoundation
0x00007ff82e687000 	/System/Library/PrivateFrameworks/KeychainCircle.framework/Versions/A/KeychainCircle
0x00007ff8322fe000 	/System/Library/PrivateFrameworks/MediaKit.framework/Versions/A/MediaKit
0x00007ff832252000 	/System/Library/Frameworks/DiscRecording.framework/Versions/A/DiscRecording
0x00007ff82bd0d000 	/usr/lib/libCoreStorage.dylib
0x00007ff834a5a000 	/usr/lib/libcsfde.dylib
0x00007ff82f364000 	/System/Library/PrivateFrameworks/ProtectedCloudStorage.framework/Versions/A/ProtectedCloudStorage
0x00007ff834a56000 	/System/Library/PrivateFrameworks/EFILogin.framework/Versions/A/EFILogin
0x00007ff8329ae000 	/System/Library/PrivateFrameworks/OctagonTrust.framework/Versions/A/OctagonTrust
0x00007ffb246ce000 	/System/Library/PrivateFrameworks/CoreUtilsExtras.framework/Versions/A/CoreUtilsExtras
0x00007ff832185000 	/System/Library/Frameworks/CoreBluetooth.framework/Versions/A/CoreBluetooth
0x00007ff8350c6000 	/System/Library/Frameworks/AudioUnit.framework/Versions/A/AudioUnit
0x00007ff82bd05000 	/usr/lib/libMatch.1.dylib
0x00007ff929ea5000 	/System/Library/Frameworks/Accelerate.framework/Versions/A/Frameworks/vImage.framework/Versions/A/Libraries/libCGInterfaces.dylib
0x000000013260a000 	/usr/lib/libobjc-trampolines.dylib
0x00007ffb3617c000 	/usr/lib/libRosetta.dylib
0x00007ff8278d6000 	/System/Library/PrivateFrameworks/ViewBridge.framework/Versions/A/ViewBridge
0x00000001344ea000 	/Users/quocdo/.openjfx/cache/17.0.0.1/libjavafx_font.dylib
0x00007ff82c461000 	/System/Library/PrivateFrameworks/login.framework/Versions/A/login


VM Arguments:
jvm_args: -javaagent:/Applications/IntelliJ IDEA CE.app/Contents/lib/idea_rt.jar=50522:/Applications/IntelliJ IDEA CE.app/Contents/bin -Dfile.encoding=UTF-8 --module-path=/Users/quocdo/.m2/repository/org/openjfx/javafx-base/17.0.0.1/javafx-base-17.0.0.1-mac.jar:/Users/quocdo/.m2/repository/org/openjfx/javafx-fxml/17.0.0.1/javafx-fxml-17.0.0.1-mac.jar:/Users/quocdo/.m2/repository/org/openjfx/javafx-graphics/17.0.0.1/javafx-graphics-17.0.0.1-mac.jar:/Users/quocdo/Desktop/Java/project/hangman/hangman_game/target/classes:/Users/quocdo/.m2/repository/org/openjfx/javafx-controls/17.0.0.1/javafx-controls-17.0.0.1-mac.jar -Djdk.module.main=hangman_code 
java_command: hangman_code/hangman_code.HangmanServer
java_class_path (initial): /Users/quocdo/.m2/repository/org/openjfx/javafx-controls/17.0.0.1/javafx-controls-17.0.0.1.jar:/Users/quocdo/.m2/repository/org/openjfx/javafx-graphics/17.0.0.1/javafx-graphics-17.0.0.1.jar:/Users/quocdo/.m2/repository/org/openjfx/javafx-base/17.0.0.1/javafx-base-17.0.0.1.jar:/Users/quocdo/.m2/repository/org/openjfx/javafx-fxml/17.0.0.1/javafx-fxml-17.0.0.1.jar
Launcher Type: SUN_STANDARD

[Global flags]
     intx CICompilerCount                          = 4                                         {product} {ergonomic}
     uint ConcGCThreads                            = 2                                         {product} {ergonomic}
     uint G1ConcRefinementThreads                  = 8                                         {product} {ergonomic}
   size_t G1HeapRegionSize                         = 2097152                                   {product} {ergonomic}
    uintx GCDrainStackTargetSize                   = 64                                        {product} {ergonomic}
   size_t InitialHeapSize                          = 268435456                                 {product} {ergonomic}
   size_t MarkStackSize                            = 4194304                                   {product} {ergonomic}
   size_t MaxHeapSize                              = 4294967296                                {product} {ergonomic}
   size_t MaxNewSize                               = 2575302656                                {product} {ergonomic}
   size_t MinHeapDeltaBytes                        = 2097152                                   {product} {ergonomic}
   size_t MinHeapSize                              = 8388608                                   {product} {ergonomic}
    uintx NonNMethodCodeHeapSize                   = 5839372                                {pd product} {ergonomic}
    uintx NonProfiledCodeHeapSize                  = 122909434                              {pd product} {ergonomic}
    uintx ProfiledCodeHeapSize                     = 122909434                              {pd product} {ergonomic}
    uintx ReservedCodeCacheSize                    = 251658240                              {pd product} {ergonomic}
     bool SegmentedCodeCache                       = true                                      {product} {ergonomic}
   size_t SoftMaxHeapSize                          = 4294967296                             {manageable} {ergonomic}
     bool UseCompressedClassPointers               = true                           {product lp64_product} {ergonomic}
     bool UseCompressedOops                        = true                           {product lp64_product} {ergonomic}
     bool UseG1GC                                  = true                                      {product} {ergonomic}
     bool UseNUMA                                  = false                                     {product} {ergonomic}
     bool UseNUMAInterleaving                      = false                                     {product} {ergonomic}

Logging:
Log output configuration:
 #0: stdout all=warning uptime,level,tags
 #1: stderr all=off uptime,level,tags

Environment Variables:
PATH=/usr/local/bin:/usr/bin:/bin:/usr/sbin:/sbin:/usr/local/mysql/bin
SHELL=/bin/zsh
LC_CTYPE=en_US.UTF-8

Signal Handlers:
   SIGSEGV: _ZL13crash_handleriP9__siginfoPv in libjvm.dylib, mask=11100110100111111111111111111111, flags=SA_RESTART|SA_SIGINFO
    SIGBUS: _ZL13crash_handleriP9__siginfoPv in libjvm.dylib, mask=11100110100111111111111111111111, flags=SA_RESTART|SA_SIGINFO
    SIGFPE: _ZL13crash_handleriP9__siginfoPv in libjvm.dylib, mask=11100110100111111111111111111111, flags=SA_RESTART|SA_SIGINFO
   SIGPIPE: _ZL17javaSignalHandleriP9__siginfoPv in libjvm.dylib, mask=11100110100111111111111111111111, flags=SA_RESTART|SA_SIGINFO
   SIGXFSZ: _ZL17javaSignalHandleriP9__siginfoPv in libjvm.dylib, mask=11100110100111111111111111111111, flags=SA_RESTART|SA_SIGINFO
    SIGILL: _ZL13crash_handleriP9__siginfoPv in libjvm.dylib, mask=11100110100111111111111111111111, flags=SA_RESTART|SA_SIGINFO
   SIGUSR2: _ZL10SR_handleriP9__siginfoP17__darwin_ucontext in libjvm.dylib, mask=00100000000000000000000000000000, flags=SA_RESTART|SA_SIGINFO
    SIGHUP: _ZL11UserHandleriPvS_ in libjvm.dylib, mask=11100110100111111111111111111111, flags=SA_RESTART|SA_SIGINFO
    SIGINT: _ZL11UserHandleriPvS_ in libjvm.dylib, mask=11100110100111111111111111111111, flags=SA_RESTART|SA_SIGINFO
   SIGTERM: _ZL11UserHandleriPvS_ in libjvm.dylib, mask=11100110100111111111111111111111, flags=SA_RESTART|SA_SIGINFO
   SIGQUIT: _ZL11UserHandleriPvS_ in libjvm.dylib, mask=11100110100111111111111111111111, flags=SA_RESTART|SA_SIGINFO
   SIGTRAP: _ZL13crash_handleriP9__siginfoPv in libjvm.dylib, mask=11100110100111111111111111111111, flags=SA_RESTART|SA_SIGINFO


---------------  S Y S T E M  ---------------

OS:
uname: Darwin 21.0.1 Darwin Kernel Version 21.0.1: Tue Sep 14 20:56:24 PDT 2021; root:xnu-8019.30.61~4/RELEASE_ARM64_T6000 x86_64
OS uptime: 0 days 12:41 hours
rlimit (soft/hard): STACK 8176k/65520k , CORE 0k/infinity , NPROC 2666/4000 , NOFILE 10240/infinity , AS infinity/infinity , CPU infinity/infinity , DATA infinity/infinity , FSIZE infinity/infinity , MEMLOCK infinity/infinity , RSS infinity/infinity
load average: 1.35 1.71 1.84

CPU: (EMULATED) total 8 (initial active 8) (1 cores per cpu, 1 threads per core) family 6 model 44 stepping 0 microcode 0x0, cx8, cmov, fxsr, mmx, sse, sse2, sse3, ssse3, sse4.1, sse4.2, popcnt, tsc, tscinvbit, aes, clmul, clflush

Memory: 4k page, physical 16777216k(548872k free), swap 1048576k(1032192k free)

vm_info: OpenJDK 64-Bit Server VM (17.0.1+12-39) for bsd-amd64 JRE (17.0.1+12-39), built on Sep 27 2021 17:37:19 by "mach5one" with clang Apple LLVM 12.0.0 (clang-1200.0.32.29)

END.
